Final Result = 52.0/260.0
Automark = 37.142857142857146% (13.0 / 35), 
1. Player Movement

Test 1-1: Test the player can move down
SUCCESS DONE

Test 1-2: Test the player can move up
SUCCESS DONE

Test 1-3: Test the player can move left
SUCCESS DONE

Test 1-4: Test the player can move right
SUCCESS DONE

2. Interface Methods

Test 2-1: Testing newGame interface method normal operation
InterfaceTest > Testing newGame interface method, normal operation FAILED java.lang.NullPointerException at dungeonmania.automarking.InterfaceTest.testNewGameInterfaceNormalOperation(InterfaceTest.java:24) FAILURE DONE 1 test completed, 1 failed FAILURE: Build failed with an exception. FRONTEND.md README.md SETUP.md build build.gradle config_template.json credits.md extract_coverage.sh gradle gradlew gradlew.bat images setup src What went wrong: Execution failed for task ':test'. > There were failing tests. See the report at: file:///H18A_BROWNIE/build/reports/tests/test/index.html FRONTEND.md README.md SETUP.md build build.gradle config_template.json credits.md extract_coverage.sh gradle gradlew gradlew.bat images setup src Try: > Run with --stacktrace option to get the stack trace. > Run with --info or --debug option to get more log output. > Run with --scan to get full insights. FRONTEND.md README.md SETUP.md build build.gradle config_template.json credits.md extract_coverage.sh gradle gradlew gradlew.bat images setup src Get more help at https://help.gradle.org BUILD FAILED in 2s

Test 2-2: Testing newGame on a nonexistent dungeon
SUCCESS DONE

Test 2-3: Testing tick interface method normal operation
SUCCESS DONE

Test 2-4: Testing tick with an invalid item
SUCCESS DONE

Test 2-5: Testing tick with an item that is not in the player's inventory
SUCCESS DONE

3. Boulders

Test 3-1: Test pushing a boulder
BouldersTest > Test pushing a boulder FAILED org.opentest4j.AssertionFailedError: expected: <true> but was: <false> at app//org.junit.jupiter.api.AssertionUtils.fail(AssertionUtils.java:55) at app//org.junit.jupiter.api.AssertTrue.assertTrue(AssertTrue.java:40) at app//org.junit.jupiter.api.AssertTrue.assertTrue(AssertTrue.java:35) at app//org.junit.jupiter.api.Assertions.assertTrue(Assertions.java:179) at app//dungeonmania.automarking.BouldersTest.pushBoulder(BouldersTest.java:34) FAILURE DONE 1 test completed, 1 failed FAILURE: Build failed with an exception. FRONTEND.md README.md SETUP.md build build.gradle config_template.json credits.md extract_coverage.sh gradle gradlew gradlew.bat images setup src What went wrong: Execution failed for task ':test'. > There were failing tests. See the report at: file:///H18A_BROWNIE/build/reports/tests/test/index.html FRONTEND.md README.md SETUP.md build build.gradle config_template.json credits.md extract_coverage.sh gradle gradlew gradlew.bat images setup src Try: > Run with --stacktrace option to get the stack trace. > Run with --info or --debug option to get more log output. > Run with --scan to get full insights. FRONTEND.md README.md SETUP.md build build.gradle config_template.json credits.md extract_coverage.sh gradle gradlew gradlew.bat images setup src Get more help at https://help.gradle.org BUILD FAILED in 3s

Test: Hidden Test
FAILED org.opentest4j.AssertionFailedError: expected: <Position [x=0, y=0, z=0]> but was: <Position [x=1, y=0, z=0]> at app//org.junit.jupiter.api.AssertionUtils.fail(AssertionUtils.java:55) at app//org.junit.jupiter.api.AssertionUtils.failNotEqual(AssertionUtils.java:62) at app//org.junit.jupiter.api.AssertEquals.assertEquals(AssertEquals.java:182) at app//org.junit.jupiter.api.AssertEquals.assertEquals(AssertEquals.java:177) at app//org.junit.jupiter.api.Assertions.assertEquals(Assertions.java:1141) at app//dungeonmania.automarking.BouldersTest.pushBoulderWall(BouldersTest.java:50) FAILURE DONE 1 test completed, 1 failed FAILURE: Build failed with an exception. FRONTEND.md README.md SETUP.md build build.gradle config_template.json credits.md extract_coverage.sh gradle gradlew gradlew.bat images setup src What went wrong: Execution failed for task ':test'. > There were failing tests. See the report at: file:///H18A_BROWNIE/build/reports/tests/test/index.html FRONTEND.md README.md SETUP.md build build.gradle config_template.json credits.md extract_coverage.sh gradle gradlew gradlew.bat images setup src Try: > Run with --stacktrace option to get the stack trace. > Run with --info or --debug option to get more log output. > Run with --scan to get full insights. FRONTEND.md README.md SETUP.md build build.gradle config_template.json credits.md extract_coverage.sh gradle gradlew gradlew.bat images setup src Get more help at https://help.gradle.org BUILD FAILED in 3s

Test: Hidden Test
FAILED org.opentest4j.AssertionFailedError: expected: <Position [x=0, y=0, z=0]> but was: <Position [x=1, y=0, z=0]> at app//org.junit.jupiter.api.AssertionUtils.fail(AssertionUtils.java:55) at app//org.junit.jupiter.api.AssertionUtils.failNotEqual(AssertionUtils.java:62) at app//org.junit.jupiter.api.AssertEquals.assertEquals(AssertEquals.java:182) at app//org.junit.jupiter.api.AssertEquals.assertEquals(AssertEquals.java:177) at app//org.junit.jupiter.api.Assertions.assertEquals(Assertions.java:1141) at app//dungeonmania.automarking.BouldersTest.twoBoulders(BouldersTest.java:68) FAILURE DONE 1 test completed, 1 failed FAILURE: Build failed with an exception. FRONTEND.md README.md SETUP.md build build.gradle config_template.json credits.md extract_coverage.sh gradle gradlew gradlew.bat images setup src What went wrong: Execution failed for task ':test'. > There were failing tests. See the report at: file:///H18A_BROWNIE/build/reports/tests/test/index.html FRONTEND.md README.md SETUP.md build build.gradle config_template.json credits.md extract_coverage.sh gradle gradlew gradlew.bat images setup src Try: > Run with --stacktrace option to get the stack trace. > Run with --info or --debug option to get more log output. > Run with --scan to get full insights. FRONTEND.md README.md SETUP.md build build.gradle config_template.json credits.md extract_coverage.sh gradle gradlew gradlew.bat images setup src Get more help at https://help.gradle.org BUILD FAILED in 3s

4. Doors & Keys

Test 4-1: Test player cannot walk through a closed door
SUCCESS DONE

Test 4-2: Test player can pick up a key and add to inventory
DoorsKeysTest > Test player can pick up a key and add to inventory FAILED java.lang.NullPointerException at dungeonmania.automarking.TestHelpers.getInventory(TestHelpers.java:23) at dungeonmania.automarking.DoorsKeysTest.pickUpKey(DoorsKeysTest.java:38) FAILURE DONE 1 test completed, 1 failed FAILURE: Build failed with an exception. FRONTEND.md README.md SETUP.md build build.gradle config_template.json credits.md extract_coverage.sh gradle gradlew gradlew.bat images setup src What went wrong: Execution failed for task ':test'. > There were failing tests. See the report at: file:///H18A_BROWNIE/build/reports/tests/test/index.html FRONTEND.md README.md SETUP.md build build.gradle config_template.json credits.md extract_coverage.sh gradle gradlew gradlew.bat images setup src Try: > Run with --stacktrace option to get the stack trace. > Run with --info or --debug option to get more log output. > Run with --scan to get full insights. FRONTEND.md README.md SETUP.md build build.gradle config_template.json credits.md extract_coverage.sh gradle gradlew gradlew.bat images setup src Get more help at https://help.gradle.org BUILD FAILED in 3s

Test 4-3: Test player can use a key to open and walk through a door
SUCCESS DONE

Test: Hidden Test
FAILED org.opentest4j.AssertionFailedError: expected: <1> but was: <2> at app//org.junit.jupiter.api.AssertionUtils.fail(AssertionUtils.java:55) at app//org.junit.jupiter.api.AssertionUtils.failNotEqual(AssertionUtils.java:62) at app//org.junit.jupiter.api.AssertEquals.assertEquals(AssertEquals.java:150) at app//org.junit.jupiter.api.AssertEquals.assertEquals(AssertEquals.java:145) at app//org.junit.jupiter.api.Assertions.assertEquals(Assertions.java:527) at app//dungeonmania.automarking.DoorsKeysTest.cannotPickupTwoKeys(DoorsKeysTest.java:84) FAILURE DONE 1 test completed, 1 failed FAILURE: Build failed with an exception. FRONTEND.md README.md SETUP.md build build.gradle config_template.json credits.md extract_coverage.sh gradle gradlew gradlew.bat images setup src What went wrong: Execution failed for task ':test'. > There were failing tests. See the report at: file:///H18A_BROWNIE/build/reports/tests/test/index.html FRONTEND.md README.md SETUP.md build build.gradle config_template.json credits.md extract_coverage.sh gradle gradlew gradlew.bat images setup src Try: > Run with --stacktrace option to get the stack trace. > Run with --info or --debug option to get more log output. > Run with --scan to get full insights. FRONTEND.md README.md SETUP.md build build.gradle config_template.json credits.md extract_coverage.sh gradle gradlew gradlew.bat images setup src Get more help at https://help.gradle.org BUILD FAILED in 2s

Test: Hidden Test
SUCCESS DONE

5. Buidable Entities

Test: Hidden Test
FAILED org.opentest4j.AssertionFailedError: Expected java.lang.IllegalArgumentException to be thrown, but nothing was thrown. at app//org.junit.jupiter.api.AssertThrows.assertThrows(AssertThrows.java:71) at app//org.junit.jupiter.api.AssertThrows.assertThrows(AssertThrows.java:37) at app//org.junit.jupiter.api.Assertions.assertThrows(Assertions.java:3082) at app//dungeonmania.automarking.BuildablesTest.BuildSwordIllegalArgumentException(BuildablesTest.java:25) FAILURE DONE 1 test completed, 1 failed FAILURE: Build failed with an exception. FRONTEND.md README.md SETUP.md build build.gradle config_template.json credits.md extract_coverage.sh gradle gradlew gradlew.bat images setup src What went wrong: Execution failed for task ':test'. > There were failing tests. See the report at: file:///H18A_BROWNIE/build/reports/tests/test/index.html FRONTEND.md README.md SETUP.md build build.gradle config_template.json credits.md extract_coverage.sh gradle gradlew gradlew.bat images setup src Try: > Run with --stacktrace option to get the stack trace. > Run with --info or --debug option to get more log output. > Run with --scan to get full insights. FRONTEND.md README.md SETUP.md build build.gradle config_template.json credits.md extract_coverage.sh gradle gradlew gradlew.bat images setup src Get more help at https://help.gradle.org BUILD FAILED in 2s

Test: Hidden Test
FAILED org.opentest4j.AssertionFailedError: Expected dungeonmania.exceptions.InvalidActionException to be thrown, but nothing was thrown. at app//org.junit.jupiter.api.AssertThrows.assertThrows(AssertThrows.java:71) at app//org.junit.jupiter.api.AssertThrows.assertThrows(AssertThrows.java:37) at app//org.junit.jupiter.api.Assertions.assertThrows(Assertions.java:3082) at app//dungeonmania.automarking.BuildablesTest.BuildInvalidActionException(BuildablesTest.java:37) FAILURE DONE 1 test completed, 1 failed FAILURE: Build failed with an exception. FRONTEND.md README.md SETUP.md build build.gradle config_template.json credits.md extract_coverage.sh gradle gradlew gradlew.bat images setup src What went wrong: Execution failed for task ':test'. > There were failing tests. See the report at: file:///H18A_BROWNIE/build/reports/tests/test/index.html FRONTEND.md README.md SETUP.md build build.gradle config_template.json credits.md extract_coverage.sh gradle gradlew gradlew.bat images setup src Try: > Run with --stacktrace option to get the stack trace. > Run with --info or --debug option to get more log output. > Run with --scan to get full insights. FRONTEND.md README.md SETUP.md build build.gradle config_template.json credits.md extract_coverage.sh gradle gradlew gradlew.bat images setup src Get more help at https://help.gradle.org BUILD FAILED in 3s

Test 5-3: Test building a bow
BuildablesTest > Test building a bow FAILED java.lang.NullPointerException at dungeonmania.automarking.TestHelpers.getInventory(TestHelpers.java:23) at dungeonmania.automarking.BuildablesTest.BuildBow(BuildablesTest.java:54) FAILURE DONE 1 test completed, 1 failed FAILURE: Build failed with an exception. FRONTEND.md README.md SETUP.md build build.gradle config_template.json credits.md extract_coverage.sh gradle gradlew gradlew.bat images setup src What went wrong: Execution failed for task ':test'. > There were failing tests. See the report at: file:///H18A_BROWNIE/build/reports/tests/test/index.html FRONTEND.md README.md SETUP.md build build.gradle config_template.json credits.md extract_coverage.sh gradle gradlew gradlew.bat images setup src Try: > Run with --stacktrace option to get the stack trace. > Run with --info or --debug option to get more log output. > Run with --scan to get full insights. FRONTEND.md README.md SETUP.md build build.gradle config_template.json credits.md extract_coverage.sh gradle gradlew gradlew.bat images setup src Get more help at https://help.gradle.org BUILD FAILED in 2s

Test 5-4: Test building a shield with a key
BuildablesTest > Test building a shield with a key FAILED java.lang.NullPointerException at dungeonmania.automarking.TestHelpers.getInventory(TestHelpers.java:23) at dungeonmania.automarking.BuildablesTest.BuildShieldWithKey(BuildablesTest.java:85) FAILURE DONE 1 test completed, 1 failed FAILURE: Build failed with an exception. FRONTEND.md README.md SETUP.md build build.gradle config_template.json credits.md extract_coverage.sh gradle gradlew gradlew.bat images setup src What went wrong: Execution failed for task ':test'. > There were failing tests. See the report at: file:///H18A_BROWNIE/build/reports/tests/test/index.html FRONTEND.md README.md SETUP.md build build.gradle config_template.json credits.md extract_coverage.sh gradle gradlew gradlew.bat images setup src Try: > Run with --stacktrace option to get the stack trace. > Run with --info or --debug option to get more log output. > Run with --scan to get full insights. FRONTEND.md README.md SETUP.md build build.gradle config_template.json credits.md extract_coverage.sh gradle gradlew gradlew.bat images setup src Get more help at https://help.gradle.org BUILD FAILED in 3s

Test: Hidden Test
FAILED java.lang.NullPointerException at dungeonmania.automarking.TestHelpers.getInventory(TestHelpers.java:23) at dungeonmania.automarking.BuildablesTest.BuildShieldWithTreasure(BuildablesTest.java:114) FAILURE DONE 1 test completed, 1 failed FAILURE: Build failed with an exception. FRONTEND.md README.md SETUP.md build build.gradle config_template.json credits.md extract_coverage.sh gradle gradlew gradlew.bat images setup src What went wrong: Execution failed for task ':test'. > There were failing tests. See the report at: file:///H18A_BROWNIE/build/reports/tests/test/index.html FRONTEND.md README.md SETUP.md build build.gradle config_template.json credits.md extract_coverage.sh gradle gradlew gradlew.bat images setup src Try: > Run with --stacktrace option to get the stack trace. > Run with --info or --debug option to get more log output. > Run with --scan to get full insights. FRONTEND.md README.md SETUP.md build build.gradle config_template.json credits.md extract_coverage.sh gradle gradlew gradlew.bat images setup src Get more help at https://help.gradle.org BUILD FAILED in 2s

Test 5-6: Test DungeonResponse buildables parameter is a list of buildable item types that the player can build with their current inventory
BuildablesTest > Test DungeonResponse buildables parameter is a list of buildable item types that the player can build with their current inventory FAILED org.opentest4j.AssertionFailedError: expected: <[]> but was: <null> at app//org.junit.jupiter.api.AssertionUtils.fail(AssertionUtils.java:55) at app//org.junit.jupiter.api.AssertionUtils.failNotEqual(AssertionUtils.java:62) at app//org.junit.jupiter.api.AssertEquals.assertEquals(AssertEquals.java:182) at app//org.junit.jupiter.api.AssertEquals.assertEquals(AssertEquals.java:177) at app//org.junit.jupiter.api.Assertions.assertEquals(Assertions.java:1141) at app//dungeonmania.automarking.BuildablesTest.DungeonResponseBuildables(BuildablesTest.java:145) FAILURE DONE 1 test completed, 1 failed FAILURE: Build failed with an exception. FRONTEND.md README.md SETUP.md build build.gradle config_template.json credits.md extract_coverage.sh gradle gradlew gradlew.bat images setup src What went wrong: Execution failed for task ':test'. > There were failing tests. See the report at: file:///H18A_BROWNIE/build/reports/tests/test/index.html FRONTEND.md README.md SETUP.md build build.gradle config_template.json credits.md extract_coverage.sh gradle gradlew gradlew.bat images setup src Try: > Run with --stacktrace option to get the stack trace. > Run with --info or --debug option to get more log output. > Run with --scan to get full insights. FRONTEND.md README.md SETUP.md build build.gradle config_template.json credits.md extract_coverage.sh gradle gradlew gradlew.bat images setup src Get more help at https://help.gradle.org BUILD FAILED in 3s

6. Potions

Test 6-1: Test invincibility potion can be picked up and consumed
PotionsTest > Test invincibility potion can be picked up and consumed FAILED java.lang.NullPointerException at dungeonmania.automarking.TestHelpers.getInventory(TestHelpers.java:23) at dungeonmania.automarking.PotionsTest.invincibilityPotion(PotionsTest.java:27) FAILURE DONE 1 test completed, 1 failed FAILURE: Build failed with an exception. FRONTEND.md README.md SETUP.md build build.gradle config_template.json credits.md extract_coverage.sh gradle gradlew gradlew.bat images setup src What went wrong: Execution failed for task ':test'. > There were failing tests. See the report at: file:///H18A_BROWNIE/build/reports/tests/test/index.html FRONTEND.md README.md SETUP.md build build.gradle config_template.json credits.md extract_coverage.sh gradle gradlew gradlew.bat images setup src Try: > Run with --stacktrace option to get the stack trace. > Run with --info or --debug option to get more log output. > Run with --scan to get full insights. FRONTEND.md README.md SETUP.md build build.gradle config_template.json credits.md extract_coverage.sh gradle gradlew gradlew.bat images setup src Get more help at https://help.gradle.org BUILD FAILED in 2s

Test 6-2: Test invisibility potion can be picked up and consumed
PotionsTest > Test invisibility potion can be picked up and consumed FAILED java.lang.NullPointerException at dungeonmania.automarking.TestHelpers.getInventory(TestHelpers.java:23) at dungeonmania.automarking.PotionsTest.invisibilityPotion(PotionsTest.java:48) FAILURE DONE 1 test completed, 1 failed FAILURE: Build failed with an exception. FRONTEND.md README.md SETUP.md build build.gradle config_template.json credits.md extract_coverage.sh gradle gradlew gradlew.bat images setup src What went wrong: Execution failed for task ':test'. > There were failing tests. See the report at: file:///H18A_BROWNIE/build/reports/tests/test/index.html FRONTEND.md README.md SETUP.md build build.gradle config_template.json credits.md extract_coverage.sh gradle gradlew gradlew.bat images setup src Try: > Run with --stacktrace option to get the stack trace. > Run with --info or --debug option to get more log output. > Run with --scan to get full insights. FRONTEND.md README.md SETUP.md build build.gradle config_template.json credits.md extract_coverage.sh gradle gradlew gradlew.bat images setup src Get more help at https://help.gradle.org BUILD FAILED in 3s

Test 6-3: Test the effects of the invincibility potion only last for a limited time
PotionsTest > Test the effects of the invincibility potion only last for a limited time FAILED java.lang.NullPointerException at dungeonmania.automarking.TestHelpers.getInventory(TestHelpers.java:23) at dungeonmania.automarking.PotionsTest.invincibilityDuration(PotionsTest.java:74) FAILURE DONE 1 test completed, 1 failed FAILURE: Build failed with an exception. FRONTEND.md README.md SETUP.md build build.gradle config_template.json credits.md extract_coverage.sh gradle gradlew gradlew.bat images setup src What went wrong: Execution failed for task ':test'. > There were failing tests. See the report at: file:///H18A_BROWNIE/build/reports/tests/test/index.html FRONTEND.md README.md SETUP.md build build.gradle config_template.json credits.md extract_coverage.sh gradle gradlew gradlew.bat images setup src Try: > Run with --stacktrace option to get the stack trace. > Run with --info or --debug option to get more log output. > Run with --scan to get full insights. FRONTEND.md README.md SETUP.md build build.gradle config_template.json credits.md extract_coverage.sh gradle gradlew gradlew.bat images setup src Get more help at https://help.gradle.org BUILD FAILED in 2s

Test 6-4: Test the effects of the invisibility potion only last for a limited time
PotionsTest > Test the effects of the invisibility potion only last for a limited time FAILED java.lang.NullPointerException at dungeonmania.automarking.TestHelpers.getInventory(TestHelpers.java:23) at dungeonmania.automarking.PotionsTest.invisibilityDuration(PotionsTest.java:119) FAILURE DONE 1 test completed, 1 failed FAILURE: Build failed with an exception. FRONTEND.md README.md SETUP.md build build.gradle config_template.json credits.md extract_coverage.sh gradle gradlew gradlew.bat images setup src What went wrong: Execution failed for task ':test'. > There were failing tests. See the report at: file:///H18A_BROWNIE/build/reports/tests/test/index.html FRONTEND.md README.md SETUP.md build build.gradle config_template.json credits.md extract_coverage.sh gradle gradlew gradlew.bat images setup src Try: > Run with --stacktrace option to get the stack trace. > Run with --info or --debug option to get more log output. > Run with --scan to get full insights. FRONTEND.md README.md SETUP.md build build.gradle config_template.json credits.md extract_coverage.sh gradle gradlew gradlew.bat images setup src Get more help at https://help.gradle.org BUILD FAILED in 3s

Test: Hidden Test
FAILED java.lang.NullPointerException at dungeonmania.automarking.TestHelpers.getInventory(TestHelpers.java:23) at dungeonmania.automarking.PotionsTest.invincibilitySpiderMovement(PotionsTest.java:154) FAILURE DONE 1 test completed, 1 failed FAILURE: Build failed with an exception. FRONTEND.md README.md SETUP.md build build.gradle config_template.json credits.md extract_coverage.sh gradle gradlew gradlew.bat images setup src What went wrong: Execution failed for task ':test'. > There were failing tests. See the report at: file:///H18A_BROWNIE/build/reports/tests/test/index.html FRONTEND.md README.md SETUP.md build build.gradle config_template.json credits.md extract_coverage.sh gradle gradlew gradlew.bat images setup src Try: > Run with --stacktrace option to get the stack trace. > Run with --info or --debug option to get more log output. > Run with --scan to get full insights. FRONTEND.md README.md SETUP.md build build.gradle config_template.json credits.md extract_coverage.sh gradle gradlew gradlew.bat images setup src Get more help at https://help.gradle.org BUILD FAILED in 2s

Test: Hidden Test
FAILED java.lang.NullPointerException at dungeonmania.automarking.TestHelpers.getInventory(TestHelpers.java:23) at dungeonmania.automarking.PotionsTest.invincibilityZombieMovement(PotionsTest.java:190) FAILURE DONE 1 test completed, 1 failed FAILURE: Build failed with an exception. FRONTEND.md README.md SETUP.md build build.gradle config_template.json credits.md extract_coverage.sh gradle gradlew gradlew.bat images setup src What went wrong: Execution failed for task ':test'. > There were failing tests. See the report at: file:///H18A_BROWNIE/build/reports/tests/test/index.html FRONTEND.md README.md SETUP.md build build.gradle config_template.json credits.md extract_coverage.sh gradle gradlew gradlew.bat images setup src Try: > Run with --stacktrace option to get the stack trace. > Run with --info or --debug option to get more log output. > Run with --scan to get full insights. FRONTEND.md README.md SETUP.md build build.gradle config_template.json credits.md extract_coverage.sh gradle gradlew gradlew.bat images setup src Get more help at https://help.gradle.org BUILD FAILED in 3s

Test: Hidden Test
FAILED java.lang.NullPointerException at dungeonmania.automarking.TestHelpers.getInventory(TestHelpers.java:23) at dungeonmania.automarking.PotionsTest.invincibilityMercenaryMovement(PotionsTest.java:223) FAILURE DONE 1 test completed, 1 failed FAILURE: Build failed with an exception. FRONTEND.md README.md SETUP.md build build.gradle config_template.json credits.md extract_coverage.sh gradle gradlew gradlew.bat images setup src What went wrong: Execution failed for task ':test'. > There were failing tests. See the report at: file:///H18A_BROWNIE/build/reports/tests/test/index.html FRONTEND.md README.md SETUP.md build build.gradle config_template.json credits.md extract_coverage.sh gradle gradlew gradlew.bat images setup src Try: > Run with --stacktrace option to get the stack trace. > Run with --info or --debug option to get more log output. > Run with --scan to get full insights. FRONTEND.md README.md SETUP.md build build.gradle config_template.json credits.md extract_coverage.sh gradle gradlew gradlew.bat images setup src Get more help at https://help.gradle.org BUILD FAILED in 2s

Test: Hidden Test
FAILED java.lang.NullPointerException at dungeonmania.DungeonManiaController.tick(DungeonManiaController.java:127) at dungeonmania.automarking.PotionsTest.potionQueuing(PotionsTest.java:277) FAILURE DONE 1 test completed, 1 failed FAILURE: Build failed with an exception. FRONTEND.md README.md SETUP.md build build.gradle config_template.json credits.md extract_coverage.sh gradle gradlew gradlew.bat images setup src What went wrong: Execution failed for task ':test'. > There were failing tests. See the report at: file:///H18A_BROWNIE/build/reports/tests/test/index.html FRONTEND.md README.md SETUP.md build build.gradle config_template.json credits.md extract_coverage.sh gradle gradlew gradlew.bat images setup src Try: > Run with --stacktrace option to get the stack trace. > Run with --info or --debug option to get more log output. > Run with --scan to get full insights. FRONTEND.md README.md SETUP.md build build.gradle config_template.json credits.md extract_coverage.sh gradle gradlew gradlew.bat images setup src Get more help at https://help.gradle.org BUILD FAILED in 3s

7. Portals

Test 7-1: Test portals work both ways
PortalsTest > Test portals work both ways FAILED org.opentest4j.AssertionFailedError: expected: <1> but was: <3> at app//org.junit.jupiter.api.AssertionUtils.fail(AssertionUtils.java:55) at app//org.junit.jupiter.api.AssertionUtils.failNotEqual(AssertionUtils.java:62) at app//org.junit.jupiter.api.AssertEquals.assertEquals(AssertEquals.java:150) at app//org.junit.jupiter.api.AssertEquals.assertEquals(AssertEquals.java:145) at app//org.junit.jupiter.api.Assertions.assertEquals(Assertions.java:527) at app//dungeonmania.automarking.PortalsTest.testTeleportationBothWays(PortalsTest.java:32) FAILURE DONE 1 test completed, 1 failed FAILURE: Build failed with an exception. FRONTEND.md README.md SETUP.md build build.gradle config_template.json credits.md extract_coverage.sh gradle gradlew gradlew.bat images setup src What went wrong: Execution failed for task ':test'. > There were failing tests. See the report at: file:///H18A_BROWNIE/build/reports/tests/test/index.html FRONTEND.md README.md SETUP.md build build.gradle config_template.json credits.md extract_coverage.sh gradle gradlew gradlew.bat images setup src Try: > Run with --stacktrace option to get the stack trace. > Run with --info or --debug option to get more log output. > Run with --scan to get full insights. FRONTEND.md README.md SETUP.md build build.gradle config_template.json credits.md extract_coverage.sh gradle gradlew gradlew.bat images setup src Get more help at https://help.gradle.org BUILD FAILED in 2s

Test 7-2: Test player cannot teleport into a wall
SUCCESS DONE

Test: Hidden Test
SUCCESS DONE

Test: Hidden Test
FAILED org.opentest4j.AssertionFailedError: expected: <true> but was: <false> at app//org.junit.jupiter.api.AssertionUtils.fail(AssertionUtils.java:55) at app//org.junit.jupiter.api.AssertTrue.assertTrue(AssertTrue.java:40) at app//org.junit.jupiter.api.AssertTrue.assertTrue(AssertTrue.java:35) at app//org.junit.jupiter.api.Assertions.assertTrue(Assertions.java:179) at app//dungeonmania.automarking.PortalsTest.testNoEffectOnZombie(PortalsTest.java:97) FAILURE DONE 1 test completed, 1 failed FAILURE: Build failed with an exception. FRONTEND.md README.md SETUP.md build build.gradle config_template.json credits.md extract_coverage.sh gradle gradlew gradlew.bat images setup src What went wrong: Execution failed for task ':test'. > There were failing tests. See the report at: file:///H18A_BROWNIE/build/reports/tests/test/index.html FRONTEND.md README.md SETUP.md build build.gradle config_template.json credits.md extract_coverage.sh gradle gradlew gradlew.bat images setup src Try: > Run with --stacktrace option to get the stack trace. > Run with --info or --debug option to get more log output. > Run with --scan to get full insights. FRONTEND.md README.md SETUP.md build build.gradle config_template.json credits.md extract_coverage.sh gradle gradlew gradlew.bat images setup src Get more help at https://help.gradle.org BUILD FAILED in 3s

8. Bombs

Test 8-1: Test picking up a bomb removes the bomb from the map and adds the bomb to the inventory
BombTest > Test picking up a bomb removes the bomb from the map and adds the bomb to the inventory FAILED java.lang.NullPointerException at dungeonmania.automarking.TestHelpers.getInventory(TestHelpers.java:23) at dungeonmania.automarking.BombTest.pickUp(BombTest.java:24) FAILURE DONE 1 test completed, 1 failed FAILURE: Build failed with an exception. FRONTEND.md README.md SETUP.md build build.gradle config_template.json credits.md extract_coverage.sh gradle gradlew gradlew.bat images setup src What went wrong: Execution failed for task ':test'. > There were failing tests. See the report at: file:///H18A_BROWNIE/build/reports/tests/test/index.html FRONTEND.md README.md SETUP.md build build.gradle config_template.json credits.md extract_coverage.sh gradle gradlew gradlew.bat images setup src Try: > Run with --stacktrace option to get the stack trace. > Run with --info or --debug option to get more log output. > Run with --scan to get full insights. FRONTEND.md README.md SETUP.md build build.gradle config_template.json credits.md extract_coverage.sh gradle gradlew gradlew.bat images setup src Get more help at https://help.gradle.org BUILD FAILED in 2s

Test 8-2: Test placing a bomb removes it from the inventory and places it on the map at the character's location
BombTest > Test placing a bomb removes it from the inventory and places it on the map at the character's location FAILED org.opentest4j.AssertionFailedError: expected: <1> but was: <0> at app//org.junit.jupiter.api.AssertionUtils.fail(AssertionUtils.java:55) at app//org.junit.jupiter.api.AssertionUtils.failNotEqual(AssertionUtils.java:62) at app//org.junit.jupiter.api.AssertEquals.assertEquals(AssertEquals.java:150) at app//org.junit.jupiter.api.AssertEquals.assertEquals(AssertEquals.java:145) at app//org.junit.jupiter.api.Assertions.assertEquals(Assertions.java:527) at app//dungeonmania.automarking.BombTest.place(BombTest.java:52) FAILURE DONE 1 test completed, 1 failed FAILURE: Build failed with an exception. FRONTEND.md README.md SETUP.md build build.gradle config_template.json credits.md extract_coverage.sh gradle gradlew gradlew.bat images setup src What went wrong: Execution failed for task ':test'. > There were failing tests. See the report at: file:///H18A_BROWNIE/build/reports/tests/test/index.html FRONTEND.md README.md SETUP.md build build.gradle config_template.json credits.md extract_coverage.sh gradle gradlew gradlew.bat images setup src Try: > Run with --stacktrace option to get the stack trace. > Run with --info or --debug option to get more log output. > Run with --scan to get full insights. FRONTEND.md README.md SETUP.md build build.gradle config_template.json credits.md extract_coverage.sh gradle gradlew gradlew.bat images setup src Get more help at https://help.gradle.org BUILD FAILED in 3s

Test: Hidden Test
FAILED org.opentest4j.AssertionFailedError: expected: <1> but was: <0> at app//org.junit.jupiter.api.AssertionUtils.fail(AssertionUtils.java:55) at app//org.junit.jupiter.api.AssertionUtils.failNotEqual(AssertionUtils.java:62) at app//org.junit.jupiter.api.AssertEquals.assertEquals(AssertEquals.java:150) at app//org.junit.jupiter.api.AssertEquals.assertEquals(AssertEquals.java:145) at app//org.junit.jupiter.api.Assertions.assertEquals(Assertions.java:527) at app//dungeonmania.automarking.BombTest.placeDiagonallyAdjacentActiveSwitch(BombTest.java:81) FAILURE DONE 1 test completed, 1 failed FAILURE: Build failed with an exception. FRONTEND.md README.md SETUP.md build build.gradle config_template.json credits.md extract_coverage.sh gradle gradlew gradlew.bat images setup src What went wrong: Execution failed for task ':test'. > There were failing tests. See the report at: file:///H18A_BROWNIE/build/reports/tests/test/index.html FRONTEND.md README.md SETUP.md build build.gradle config_template.json credits.md extract_coverage.sh gradle gradlew gradlew.bat images setup src Try: > Run with --stacktrace option to get the stack trace. > Run with --info or --debug option to get more log output. > Run with --scan to get full insights. FRONTEND.md README.md SETUP.md build build.gradle config_template.json credits.md extract_coverage.sh gradle gradlew gradlew.bat images setup src Get more help at https://help.gradle.org BUILD FAILED in 2s

Test: Hidden Test
FAILED org.opentest4j.AssertionFailedError: expected: <0> but was: <1> at app//org.junit.jupiter.api.AssertionUtils.fail(AssertionUtils.java:55) at app//org.junit.jupiter.api.AssertionUtils.failNotEqual(AssertionUtils.java:62) at app//org.junit.jupiter.api.AssertEquals.assertEquals(AssertEquals.java:150) at app//org.junit.jupiter.api.AssertEquals.assertEquals(AssertEquals.java:145) at app//org.junit.jupiter.api.Assertions.assertEquals(Assertions.java:527) at app//dungeonmania.automarking.BombTest.placeCardinallyActive(BombTest.java:110) FAILURE DONE 1 test completed, 1 failed FAILURE: Build failed with an exception. FRONTEND.md README.md SETUP.md build build.gradle config_template.json credits.md extract_coverage.sh gradle gradlew gradlew.bat images setup src What went wrong: Execution failed for task ':test'. > There were failing tests. See the report at: file:///H18A_BROWNIE/build/reports/tests/test/index.html FRONTEND.md README.md SETUP.md build build.gradle config_template.json credits.md extract_coverage.sh gradle gradlew gradlew.bat images setup src Try: > Run with --stacktrace option to get the stack trace. > Run with --info or --debug option to get more log output. > Run with --scan to get full insights. FRONTEND.md README.md SETUP.md build build.gradle config_template.json credits.md extract_coverage.sh gradle gradlew gradlew.bat images setup src Get more help at https://help.gradle.org BUILD FAILED in 3s

Test 8-5: Test placing a bomb on a map cardinally adjacent to an inactive switch and then activating the switch causes the bomb to detonate removing surrounding entities except for the player
BombTest > Test placing a bomb on a map cardinally adjacent to an inactive switch, and then activating the switch, causes the bomb to detonate, removing surrounding entities except for the player FAILED org.opentest4j.AssertionFailedError: expected: <0> but was: <1> at app//org.junit.jupiter.api.AssertionUtils.fail(AssertionUtils.java:55) at app//org.junit.jupiter.api.AssertionUtils.failNotEqual(AssertionUtils.java:62) at app//org.junit.jupiter.api.AssertEquals.assertEquals(AssertEquals.java:150) at app//org.junit.jupiter.api.AssertEquals.assertEquals(AssertEquals.java:145) at app//org.junit.jupiter.api.Assertions.assertEquals(Assertions.java:527) at app//dungeonmania.automarking.BombTest.placeCardinallyActivated(BombTest.java:140) FAILURE DONE 1 test completed, 1 failed FAILURE: Build failed with an exception. FRONTEND.md README.md SETUP.md build build.gradle config_template.json credits.md extract_coverage.sh gradle gradlew gradlew.bat images setup src What went wrong: Execution failed for task ':test'. > There were failing tests. See the report at: file:///H18A_BROWNIE/build/reports/tests/test/index.html FRONTEND.md README.md SETUP.md build build.gradle config_template.json credits.md extract_coverage.sh gradle gradlew gradlew.bat images setup src Try: > Run with --stacktrace option to get the stack trace. > Run with --info or --debug option to get more log output. > Run with --scan to get full insights. FRONTEND.md README.md SETUP.md build build.gradle config_template.json credits.md extract_coverage.sh gradle gradlew gradlew.bat images setup src Get more help at https://help.gradle.org BUILD FAILED in 2s

Test 8-6: Test placing a bomb cardinally adjacent to an inactive switch does not cause the bomb to explode
BombTest > Test placing a bomb cardinally adjacent to an inactive switch does not cause the bomb to explode FAILED org.opentest4j.AssertionFailedError: expected: <1> but was: <0> at app//org.junit.jupiter.api.AssertionUtils.fail(AssertionUtils.java:55) at app//org.junit.jupiter.api.AssertionUtils.failNotEqual(AssertionUtils.java:62) at app//org.junit.jupiter.api.AssertEquals.assertEquals(AssertEquals.java:150) at app//org.junit.jupiter.api.AssertEquals.assertEquals(AssertEquals.java:145) at app//org.junit.jupiter.api.Assertions.assertEquals(Assertions.java:527) at app//dungeonmania.automarking.BombTest.placeCardinallyInactive(BombTest.java:165) FAILURE DONE 1 test completed, 1 failed FAILURE: Build failed with an exception. FRONTEND.md README.md SETUP.md build build.gradle config_template.json credits.md extract_coverage.sh gradle gradlew gradlew.bat images setup src What went wrong: Execution failed for task ':test'. > There were failing tests. See the report at: file:///H18A_BROWNIE/build/reports/tests/test/index.html FRONTEND.md README.md SETUP.md build build.gradle config_template.json credits.md extract_coverage.sh gradle gradlew gradlew.bat images setup src Try: > Run with --stacktrace option to get the stack trace. > Run with --info or --debug option to get more log output. > Run with --scan to get full insights. FRONTEND.md README.md SETUP.md build build.gradle config_template.json credits.md extract_coverage.sh gradle gradlew gradlew.bat images setup src Get more help at https://help.gradle.org BUILD FAILED in 3s

Test 8-7: Test surrounding entities are removed when placing a bomb next to an active switch with config file bomb radius set to 2
BombTest > Test surrounding entities are removed when placing a bomb next to an active switch with config file bomb radius set to 2 FAILED org.opentest4j.AssertionFailedError: expected: <0> but was: <1> at app//org.junit.jupiter.api.AssertionUtils.fail(AssertionUtils.java:55) at app//org.junit.jupiter.api.AssertionUtils.failNotEqual(AssertionUtils.java:62) at app//org.junit.jupiter.api.AssertEquals.assertEquals(AssertEquals.java:150) at app//org.junit.jupiter.api.AssertEquals.assertEquals(AssertEquals.java:145) at app//org.junit.jupiter.api.Assertions.assertEquals(Assertions.java:527) at app//dungeonmania.automarking.BombTest.placeBombRadius2(BombTest.java:198) FAILURE DONE 1 test completed, 1 failed FAILURE: Build failed with an exception. FRONTEND.md README.md SETUP.md build build.gradle config_template.json credits.md extract_coverage.sh gradle gradlew gradlew.bat images setup src What went wrong: Execution failed for task ':test'. > There were failing tests. See the report at: file:///H18A_BROWNIE/build/reports/tests/test/index.html FRONTEND.md README.md SETUP.md build build.gradle config_template.json credits.md extract_coverage.sh gradle gradlew gradlew.bat images setup src Try: > Run with --stacktrace option to get the stack trace. > Run with --info or --debug option to get more log output. > Run with --scan to get full insights. FRONTEND.md README.md SETUP.md build build.gradle config_template.json credits.md extract_coverage.sh gradle gradlew gradlew.bat images setup src Get more help at https://help.gradle.org BUILD FAILED in 2s

Test: Hidden Test
FAILED org.opentest4j.AssertionFailedError: expected: <0> but was: <1> at app//org.junit.jupiter.api.AssertionUtils.fail(AssertionUtils.java:55) at app//org.junit.jupiter.api.AssertionUtils.failNotEqual(AssertionUtils.java:62) at app//org.junit.jupiter.api.AssertEquals.assertEquals(AssertEquals.java:150) at app//org.junit.jupiter.api.AssertEquals.assertEquals(AssertEquals.java:145) at app//org.junit.jupiter.api.Assertions.assertEquals(Assertions.java:527) at app//dungeonmania.automarking.BombTest.placeBombRadius10(BombTest.java:228) FAILURE DONE 1 test completed, 1 failed FAILURE: Build failed with an exception. FRONTEND.md README.md SETUP.md build build.gradle config_template.json credits.md extract_coverage.sh gradle gradlew gradlew.bat images setup src What went wrong: Execution failed for task ':test'. > There were failing tests. See the report at: file:///H18A_BROWNIE/build/reports/tests/test/index.html FRONTEND.md README.md SETUP.md build build.gradle config_template.json credits.md extract_coverage.sh gradle gradlew gradlew.bat images setup src Try: > Run with --stacktrace option to get the stack trace. > Run with --info or --debug option to get more log output. > Run with --scan to get full insights. FRONTEND.md README.md SETUP.md build build.gradle config_template.json credits.md extract_coverage.sh gradle gradlew gradlew.bat images setup src Get more help at https://help.gradle.org BUILD FAILED in 2s

9. Spiders

Test 9-1: Test basic movement of spiders
SUCCESS DONE

Test: Hidden Test
SUCCESS DONE

Test: Hidden Test
SUCCESS DONE

Test 9-4: Test spiders cannot move through boulders and reverses direction
SpiderTest > Test spiders cannot move through boulders and reverses direction FAILED org.opentest4j.AssertionFailedError: expected: <Position [x=6, y=4, z=0]> but was: <Position [x=5, y=4, z=0]> at app//org.junit.jupiter.api.AssertionUtils.fail(AssertionUtils.java:55) at app//org.junit.jupiter.api.AssertionUtils.failNotEqual(AssertionUtils.java:62) at app//org.junit.jupiter.api.AssertEquals.assertEquals(AssertEquals.java:182) at app//org.junit.jupiter.api.AssertEquals.assertEquals(AssertEquals.java:177) at app//org.junit.jupiter.api.Assertions.assertEquals(Assertions.java:1141) at app//dungeonmania.automarking.SpiderTest.boulder(SpiderTest.java:122) FAILURE DONE 1 test completed, 1 failed FAILURE: Build failed with an exception. FRONTEND.md README.md SETUP.md build build.gradle config_template.json credits.md extract_coverage.sh gradle gradlew gradlew.bat images setup src What went wrong: Execution failed for task ':test'. > There were failing tests. See the report at: file:///H18A_BROWNIE/build/reports/tests/test/index.html FRONTEND.md README.md SETUP.md build build.gradle config_template.json credits.md extract_coverage.sh gradle gradlew gradlew.bat images setup src Try: > Run with --stacktrace option to get the stack trace. > Run with --info or --debug option to get more log output. > Run with --scan to get full insights. FRONTEND.md README.md SETUP.md build build.gradle config_template.json credits.md extract_coverage.sh gradle gradlew gradlew.bat images setup src Get more help at https://help.gradle.org BUILD FAILED in 3s

Test: Hidden Test
SUCCESS DONE

Test 9-6: Test spider_spawn_rate = 1 5 10 in config file
SpiderTest > Test spider_spawn_rate = 1, 5, 10 in config file FAILED org.opentest4j.AssertionFailedError: expected: <1> but was: <0> at app//org.junit.jupiter.api.AssertionUtils.fail(AssertionUtils.java:55) at app//org.junit.jupiter.api.AssertionUtils.failNotEqual(AssertionUtils.java:62) at app//org.junit.jupiter.api.AssertEquals.assertEquals(AssertEquals.java:150) at app//org.junit.jupiter.api.AssertEquals.assertEquals(AssertEquals.java:145) at app//org.junit.jupiter.api.Assertions.assertEquals(Assertions.java:527) at app//dungeonmania.automarking.SpiderTest.spawnRate(SpiderTest.java:150) FAILURE DONE 1 test completed, 1 failed FAILURE: Build failed with an exception. FRONTEND.md README.md SETUP.md build build.gradle config_template.json credits.md extract_coverage.sh gradle gradlew gradlew.bat images setup src What went wrong: Execution failed for task ':test'. > There were failing tests. See the report at: file:///H18A_BROWNIE/build/reports/tests/test/index.html FRONTEND.md README.md SETUP.md build build.gradle config_template.json credits.md extract_coverage.sh gradle gradlew gradlew.bat images setup src Try: > Run with --stacktrace option to get the stack trace. > Run with --info or --debug option to get more log output. > Run with --scan to get full insights. FRONTEND.md README.md SETUP.md build build.gradle config_template.json credits.md extract_coverage.sh gradle gradlew gradlew.bat images setup src Get more help at https://help.gradle.org BUILD FAILED in 3s

10. Zombies

Test 10-1: Testing zombies movement
SUCCESS DONE

Test: Hidden Test
FAILED org.opentest4j.AssertionFailedError: expected: <Position [x=3, y=2, z=0]> but was: <Position [x=2, y=2, z=0]> at app//org.junit.jupiter.api.AssertionUtils.fail(AssertionUtils.java:55) at app//org.junit.jupiter.api.AssertionUtils.failNotEqual(AssertionUtils.java:62) at app//org.junit.jupiter.api.AssertEquals.assertEquals(AssertEquals.java:182) at app//org.junit.jupiter.api.AssertEquals.assertEquals(AssertEquals.java:177) at app//org.junit.jupiter.api.Assertions.assertEquals(Assertions.java:1141) at app//dungeonmania.automarking.ZombieTest.doorsAndWalls(ZombieTest.java:55) FAILURE DONE 1 test completed, 1 failed FAILURE: Build failed with an exception. FRONTEND.md README.md SETUP.md build build.gradle config_template.json credits.md extract_coverage.sh gradle gradlew gradlew.bat images setup src What went wrong: Execution failed for task ':test'. > There were failing tests. See the report at: file:///H18A_BROWNIE/build/reports/tests/test/index.html FRONTEND.md README.md SETUP.md build build.gradle config_template.json credits.md extract_coverage.sh gradle gradlew gradlew.bat images setup src Try: > Run with --stacktrace option to get the stack trace. > Run with --info or --debug option to get more log output. > Run with --scan to get full insights. FRONTEND.md README.md SETUP.md build build.gradle config_template.json credits.md extract_coverage.sh gradle gradlew gradlew.bat images setup src Get more help at https://help.gradle.org BUILD FAILED in 3s

Test 10-3: Testing zombie spawners spawn zombies every x ticks
ZombieTest > Testing zombie spawners spawn zombies every x ticks FAILED org.opentest4j.AssertionFailedError: expected: <1> but was: <0> at app//org.junit.jupiter.api.AssertionUtils.fail(AssertionUtils.java:55) at app//org.junit.jupiter.api.AssertionUtils.failNotEqual(AssertionUtils.java:62) at app//org.junit.jupiter.api.AssertEquals.assertEquals(AssertEquals.java:150) at app//org.junit.jupiter.api.AssertEquals.assertEquals(AssertEquals.java:145) at app//org.junit.jupiter.api.Assertions.assertEquals(Assertions.java:527) at app//dungeonmania.automarking.ZombieTest.toastSpawnXTicks(ZombieTest.java:70) FAILURE DONE 1 test completed, 1 failed FAILURE: Build failed with an exception. FRONTEND.md README.md SETUP.md build build.gradle config_template.json credits.md extract_coverage.sh gradle gradlew gradlew.bat images setup src What went wrong: Execution failed for task ':test'. > There were failing tests. See the report at: file:///H18A_BROWNIE/build/reports/tests/test/index.html FRONTEND.md README.md SETUP.md build build.gradle config_template.json credits.md extract_coverage.sh gradle gradlew gradlew.bat images setup src Try: > Run with --stacktrace option to get the stack trace. > Run with --info or --debug option to get more log output. > Run with --scan to get full insights. FRONTEND.md README.md SETUP.md build build.gradle config_template.json credits.md extract_coverage.sh gradle gradlew gradlew.bat images setup src Get more help at https://help.gradle.org BUILD FAILED in 2s

Test: Hidden Test
FAILED org.opentest4j.AssertionFailedError: expected: <2> but was: <0> at app//org.junit.jupiter.api.AssertionUtils.fail(AssertionUtils.java:55) at app//org.junit.jupiter.api.AssertionUtils.failNotEqual(AssertionUtils.java:62) at app//org.junit.jupiter.api.AssertEquals.assertEquals(AssertEquals.java:150) at app//org.junit.jupiter.api.AssertEquals.assertEquals(AssertEquals.java:145) at app//org.junit.jupiter.api.Assertions.assertEquals(Assertions.java:527) at app//dungeonmania.automarking.ZombieTest.multipleToastSpawn(ZombieTest.java:98) FAILURE DONE 1 test completed, 1 failed FAILURE: Build failed with an exception. FRONTEND.md README.md SETUP.md build build.gradle config_template.json credits.md extract_coverage.sh gradle gradlew gradlew.bat images setup src What went wrong: Execution failed for task ':test'. > There were failing tests. See the report at: file:///H18A_BROWNIE/build/reports/tests/test/index.html FRONTEND.md README.md SETUP.md build build.gradle config_template.json credits.md extract_coverage.sh gradle gradlew gradlew.bat images setup src Try: > Run with --stacktrace option to get the stack trace. > Run with --info or --debug option to get more log output. > Run with --scan to get full insights. FRONTEND.md README.md SETUP.md build build.gradle config_template.json credits.md extract_coverage.sh gradle gradlew gradlew.bat images setup src Get more help at https://help.gradle.org BUILD FAILED in 2s

Test: Hidden Test
FAILED org.opentest4j.AssertionFailedError: expected: <1> but was: <0> at app//org.junit.jupiter.api.AssertionUtils.fail(AssertionUtils.java:55) at app//org.junit.jupiter.api.AssertionUtils.failNotEqual(AssertionUtils.java:62) at app//org.junit.jupiter.api.AssertEquals.assertEquals(AssertEquals.java:150) at app//org.junit.jupiter.api.AssertEquals.assertEquals(AssertEquals.java:145) at app//org.junit.jupiter.api.Assertions.assertEquals(Assertions.java:527) at app//dungeonmania.automarking.ZombieTest.toastSpawnCardinallyAdjacent(ZombieTest.java:113) FAILURE DONE 1 test completed, 1 failed FAILURE: Build failed with an exception. FRONTEND.md README.md SETUP.md build build.gradle config_template.json credits.md extract_coverage.sh gradle gradlew gradlew.bat images setup src What went wrong: Execution failed for task ':test'. > There were failing tests. See the report at: file:///H18A_BROWNIE/build/reports/tests/test/index.html FRONTEND.md README.md SETUP.md build build.gradle config_template.json credits.md extract_coverage.sh gradle gradlew gradlew.bat images setup src Try: > Run with --stacktrace option to get the stack trace. > Run with --info or --debug option to get more log output. > Run with --scan to get full insights. FRONTEND.md README.md SETUP.md build build.gradle config_template.json credits.md extract_coverage.sh gradle gradlew gradlew.bat images setup src Get more help at https://help.gradle.org BUILD FAILED in 2s

Test 10-7: Testing destroying a zombie toast spawner
ZombieTest > Testing destroying a zombie toast spawner FAILED org.opentest4j.AssertionFailedError: Expected dungeonmania.exceptions.InvalidActionException to be thrown, but nothing was thrown. at app//org.junit.jupiter.api.AssertThrows.assertThrows(AssertThrows.java:71) at app//org.junit.jupiter.api.AssertThrows.assertThrows(AssertThrows.java:37) at app//org.junit.jupiter.api.Assertions.assertThrows(Assertions.java:3082) at app//dungeonmania.automarking.ZombieTest.toastDestruction(ZombieTest.java:150) FAILURE DONE 1 test completed, 1 failed FAILURE: Build failed with an exception. FRONTEND.md README.md SETUP.md build build.gradle config_template.json credits.md extract_coverage.sh gradle gradlew gradlew.bat images setup src What went wrong: Execution failed for task ':test'. > There were failing tests. See the report at: file:///H18A_BROWNIE/build/reports/tests/test/index.html FRONTEND.md README.md SETUP.md build build.gradle config_template.json credits.md extract_coverage.sh gradle gradlew gradlew.bat images setup src Try: > Run with --stacktrace option to get the stack trace. > Run with --info or --debug option to get more log output. > Run with --scan to get full insights. FRONTEND.md README.md SETUP.md build build.gradle config_template.json credits.md extract_coverage.sh gradle gradlew gradlew.bat images setup src Get more help at https://help.gradle.org BUILD FAILED in 2s

11. Battles

Test 11-1: Test player battles spider and player dies
BattleTest > Test player battles spider and player dies FAILED java.lang.NullPointerException at dungeonmania.DungeonManiaController.getDungeonResponseModel(DungeonManiaController.java:79) at dungeonmania.DungeonManiaController.tick(DungeonManiaController.java:163) at dungeonmania.automarking.Utils.genericSpiderSequence(Utils.java:55) at dungeonmania.automarking.BattleTest.testPlayerDiesWhenBattleSpider(BattleTest.java:52) FAILURE DONE 1 test completed, 1 failed FAILURE: Build failed with an exception. FRONTEND.md README.md SETUP.md build build.gradle config_template.json credits.md extract_coverage.sh gradle gradlew gradlew.bat images setup src What went wrong: Execution failed for task ':test'. > There were failing tests. See the report at: file:///H18A_BROWNIE/build/reports/tests/test/index.html FRONTEND.md README.md SETUP.md build build.gradle config_template.json credits.md extract_coverage.sh gradle gradlew gradlew.bat images setup src Try: > Run with --stacktrace option to get the stack trace. > Run with --info or --debug option to get more log output. > Run with --scan to get full insights. FRONTEND.md README.md SETUP.md build build.gradle config_template.json credits.md extract_coverage.sh gradle gradlew gradlew.bat images setup src Get more help at https://help.gradle.org BUILD FAILED in 2s

Test 11-2: Test player battles spider and spider dies
SUCCESS DONE

Test 11-3: Test player battles zombie and player dies
BattleTest > Test player battles zombie and player dies FAILED java.lang.IndexOutOfBoundsException: Index 0 out of bounds for length 0 at java.base/jdk.internal.util.Preconditions.outOfBounds(Preconditions.java:64) at java.base/jdk.internal.util.Preconditions.outOfBoundsCheckIndex(Preconditions.java:70) at java.base/jdk.internal.util.Preconditions.checkIndex(Preconditions.java:248) at java.base/java.util.Objects.checkIndex(Objects.java:372) at java.base/java.util.ArrayList.get(ArrayList.java:459) at dungeonmania.automarking.BattleTest.testPlayerDiesWhenBattleZombie(BattleTest.java:79) FAILURE DONE 1 test completed, 1 failed FAILURE: Build failed with an exception. FRONTEND.md README.md SETUP.md build build.gradle config_template.json credits.md extract_coverage.sh gradle gradlew gradlew.bat images setup src What went wrong: Execution failed for task ':test'. > There were failing tests. See the report at: file:///H18A_BROWNIE/build/reports/tests/test/index.html FRONTEND.md README.md SETUP.md build build.gradle config_template.json credits.md extract_coverage.sh gradle gradlew gradlew.bat images setup src Try: > Run with --stacktrace option to get the stack trace. > Run with --info or --debug option to get more log output. > Run with --scan to get full insights. FRONTEND.md README.md SETUP.md build build.gradle config_template.json credits.md extract_coverage.sh gradle gradlew gradlew.bat images setup src Get more help at https://help.gradle.org BUILD FAILED in 2s

Test 11-4: Test player battles zombie and zombie dies
BattleTest > Test player battles zombie and zombie dies FAILED org.opentest4j.AssertionFailedError: expected: <true> but was: <false> at app//org.junit.jupiter.api.AssertionUtils.fail(AssertionUtils.java:55) at app//org.junit.jupiter.api.AssertTrue.assertTrue(AssertTrue.java:40) at app//org.junit.jupiter.api.AssertTrue.assertTrue(AssertTrue.java:35) at app//org.junit.jupiter.api.Assertions.assertTrue(Assertions.java:179) at app//dungeonmania.automarking.BattleTest.testZombieDiesWhenBattle(BattleTest.java:97) FAILURE DONE 1 test completed, 1 failed FAILURE: Build failed with an exception. FRONTEND.md README.md SETUP.md build build.gradle config_template.json credits.md extract_coverage.sh gradle gradlew gradlew.bat images setup src What went wrong: Execution failed for task ':test'. > There were failing tests. See the report at: file:///H18A_BROWNIE/build/reports/tests/test/index.html FRONTEND.md README.md SETUP.md build build.gradle config_template.json credits.md extract_coverage.sh gradle gradlew gradlew.bat images setup src Try: > Run with --stacktrace option to get the stack trace. > Run with --info or --debug option to get more log output. > Run with --scan to get full insights. FRONTEND.md README.md SETUP.md build build.gradle config_template.json credits.md extract_coverage.sh gradle gradlew gradlew.bat images setup src Get more help at https://help.gradle.org BUILD FAILED in 3s

Test 11-5: Test player battles mercenary and player dies
BattleTest > Test player battles mercenary and player dies FAILED java.lang.NullPointerException at dungeonmania.DungeonManiaController.tick(DungeonManiaController.java:158) at dungeonmania.automarking.Utils.genericMercenarySequence(Utils.java:85) at dungeonmania.automarking.BattleTest.testPlayerDiesWhenBattleMercenary(BattleTest.java:107) FAILURE DONE 1 test completed, 1 failed FAILURE: Build failed with an exception. FRONTEND.md README.md SETUP.md build build.gradle config_template.json credits.md extract_coverage.sh gradle gradlew gradlew.bat images setup src What went wrong: Execution failed for task ':test'. > There were failing tests. See the report at: file:///H18A_BROWNIE/build/reports/tests/test/index.html FRONTEND.md README.md SETUP.md build build.gradle config_template.json credits.md extract_coverage.sh gradle gradlew gradlew.bat images setup src Try: > Run with --stacktrace option to get the stack trace. > Run with --info or --debug option to get more log output. > Run with --scan to get full insights. FRONTEND.md README.md SETUP.md build build.gradle config_template.json credits.md extract_coverage.sh gradle gradlew gradlew.bat images setup src Get more help at https://help.gradle.org BUILD FAILED in 2s

Test 11-6: Test player battles mercenary and mercenary dies
BattleTest > Test player battles mercenary and mercenary dies FAILED java.lang.NullPointerException at dungeonmania.DungeonManiaController.tick(DungeonManiaController.java:158) at dungeonmania.automarking.Utils.genericMercenarySequence(Utils.java:85) at dungeonmania.automarking.BattleTest.testMercenariyDiesWhenBattle(BattleTest.java:120) FAILURE DONE 1 test completed, 1 failed FAILURE: Build failed with an exception. FRONTEND.md README.md SETUP.md build build.gradle config_template.json credits.md extract_coverage.sh gradle gradlew gradlew.bat images setup src What went wrong: Execution failed for task ':test'. > There were failing tests. See the report at: file:///H18A_BROWNIE/build/reports/tests/test/index.html FRONTEND.md README.md SETUP.md build build.gradle config_template.json credits.md extract_coverage.sh gradle gradlew gradlew.bat images setup src Try: > Run with --stacktrace option to get the stack trace. > Run with --info or --debug option to get more log output. > Run with --scan to get full insights. FRONTEND.md README.md SETUP.md build build.gradle config_template.json credits.md extract_coverage.sh gradle gradlew gradlew.bat images setup src Get more help at https://help.gradle.org BUILD FAILED in 2s

Test: Hidden Test
FAILED java.lang.NullPointerException at dungeonmania.DungeonManiaController.tick(DungeonManiaController.java:119) at dungeonmania.automarking.BattleTest.testPlayerWinsSpiderBattleWithInvincibilityPotion(BattleTest.java:141) FAILURE DONE 1 test completed, 1 failed FAILURE: Build failed with an exception. FRONTEND.md README.md SETUP.md build build.gradle config_template.json credits.md extract_coverage.sh gradle gradlew gradlew.bat images setup src What went wrong: Execution failed for task ':test'. > There were failing tests. See the report at: file:///H18A_BROWNIE/build/reports/tests/test/index.html FRONTEND.md README.md SETUP.md build build.gradle config_template.json credits.md extract_coverage.sh gradle gradlew gradlew.bat images setup src Try: > Run with --stacktrace option to get the stack trace. > Run with --info or --debug option to get more log output. > Run with --scan to get full insights. FRONTEND.md README.md SETUP.md build build.gradle config_template.json credits.md extract_coverage.sh gradle gradlew gradlew.bat images setup src Get more help at https://help.gradle.org BUILD FAILED in 2s

Test: Hidden Test
FAILED java.lang.NullPointerException at dungeonmania.DungeonManiaController.tick(DungeonManiaController.java:119) at dungeonmania.automarking.BattleTest.testPlayerWinsZombieBattleWithInvincibilityPotion(BattleTest.java:172) FAILURE DONE 1 test completed, 1 failed FAILURE: Build failed with an exception. FRONTEND.md README.md SETUP.md build build.gradle config_template.json credits.md extract_coverage.sh gradle gradlew gradlew.bat images setup src What went wrong: Execution failed for task ':test'. > There were failing tests. See the report at: file:///H18A_BROWNIE/build/reports/tests/test/index.html FRONTEND.md README.md SETUP.md build build.gradle config_template.json credits.md extract_coverage.sh gradle gradlew gradlew.bat images setup src Try: > Run with --stacktrace option to get the stack trace. > Run with --info or --debug option to get more log output. > Run with --scan to get full insights. FRONTEND.md README.md SETUP.md build build.gradle config_template.json credits.md extract_coverage.sh gradle gradlew gradlew.bat images setup src Get more help at https://help.gradle.org BUILD FAILED in 3s

Test: Hidden Test
FAILED java.lang.NullPointerException at dungeonmania.DungeonManiaController.tick(DungeonManiaController.java:158) at dungeonmania.automarking.BattleTest.testPlayerWinsMercenaryBattleWithInvincibilityPotion(BattleTest.java:200) FAILURE DONE 1 test completed, 1 failed FAILURE: Build failed with an exception. FRONTEND.md README.md SETUP.md build build.gradle config_template.json credits.md extract_coverage.sh gradle gradlew gradlew.bat images setup src What went wrong: Execution failed for task ':test'. > There were failing tests. See the report at: file:///H18A_BROWNIE/build/reports/tests/test/index.html FRONTEND.md README.md SETUP.md build build.gradle config_template.json credits.md extract_coverage.sh gradle gradlew gradlew.bat images setup src Try: > Run with --stacktrace option to get the stack trace. > Run with --info or --debug option to get more log output. > Run with --scan to get full insights. FRONTEND.md README.md SETUP.md build build.gradle config_template.json credits.md extract_coverage.sh gradle gradlew gradlew.bat images setup src Get more help at https://help.gradle.org BUILD FAILED in 2s

Test 11-10: Test the player battles three enemies consecutively and defeats them
BattleTest > Test the player battles three enemies consecutively and defeats them FAILED java.lang.NullPointerException at dungeonmania.DungeonManiaController.tick(DungeonManiaController.java:158) at dungeonmania.automarking.BattleTest.testPlayerBattlingEnemiesConsecutivelyDefeatsThem(BattleTest.java:233) FAILURE DONE 1 test completed, 1 failed FAILURE: Build failed with an exception. FRONTEND.md README.md SETUP.md build build.gradle config_template.json credits.md extract_coverage.sh gradle gradlew gradlew.bat images setup src What went wrong: Execution failed for task ':test'. > There were failing tests. See the report at: file:///H18A_BROWNIE/build/reports/tests/test/index.html FRONTEND.md README.md SETUP.md build build.gradle config_template.json credits.md extract_coverage.sh gradle gradlew gradlew.bat images setup src Try: > Run with --stacktrace option to get the stack trace. > Run with --info or --debug option to get more log output. > Run with --scan to get full insights. FRONTEND.md README.md SETUP.md build build.gradle config_template.json credits.md extract_coverage.sh gradle gradlew gradlew.bat images setup src Get more help at https://help.gradle.org BUILD FAILED in 2s

Test 11-11: Test basic health calculations spider - player wins
BattleTest > Test basic health calculations spider - player wins FAILED java.lang.IndexOutOfBoundsException: Index 0 out of bounds for length 0 at java.base/jdk.internal.util.Preconditions.outOfBounds(Preconditions.java:64) at java.base/jdk.internal.util.Preconditions.outOfBoundsCheckIndex(Preconditions.java:70) at java.base/jdk.internal.util.Preconditions.checkIndex(Preconditions.java:248) at java.base/java.util.Objects.checkIndex(Objects.java:372) at java.base/java.util.ArrayList.get(ArrayList.java:459) at dungeonmania.automarking.BattleTest.testRoundCalculationsSpider(BattleTest.java:268) FAILURE DONE 1 test completed, 1 failed FAILURE: Build failed with an exception. FRONTEND.md README.md SETUP.md build build.gradle config_template.json credits.md extract_coverage.sh gradle gradlew gradlew.bat images setup src What went wrong: Execution failed for task ':test'. > There were failing tests. See the report at: file:///H18A_BROWNIE/build/reports/tests/test/index.html FRONTEND.md README.md SETUP.md build build.gradle config_template.json credits.md extract_coverage.sh gradle gradlew gradlew.bat images setup src Try: > Run with --stacktrace option to get the stack trace. > Run with --info or --debug option to get more log output. > Run with --scan to get full insights. FRONTEND.md README.md SETUP.md build build.gradle config_template.json credits.md extract_coverage.sh gradle gradlew gradlew.bat images setup src Get more help at https://help.gradle.org BUILD FAILED in 2s

Test 11-12: Test basic health calculations zombie - player wins
BattleTest > Test basic health calculations zombie - player wins FAILED java.lang.IndexOutOfBoundsException: Index 0 out of bounds for length 0 at java.base/jdk.internal.util.Preconditions.outOfBounds(Preconditions.java:64) at java.base/jdk.internal.util.Preconditions.outOfBoundsCheckIndex(Preconditions.java:70) at java.base/jdk.internal.util.Preconditions.checkIndex(Preconditions.java:248) at java.base/java.util.Objects.checkIndex(Objects.java:372) at java.base/java.util.ArrayList.get(ArrayList.java:459) at dungeonmania.automarking.BattleTest.testRoundCalculationsZombie(BattleTest.java:278) FAILURE DONE 1 test completed, 1 failed FAILURE: Build failed with an exception. FRONTEND.md README.md SETUP.md build build.gradle config_template.json credits.md extract_coverage.sh gradle gradlew gradlew.bat images setup src What went wrong: Execution failed for task ':test'. > There were failing tests. See the report at: file:///H18A_BROWNIE/build/reports/tests/test/index.html FRONTEND.md README.md SETUP.md build build.gradle config_template.json credits.md extract_coverage.sh gradle gradlew gradlew.bat images setup src Try: > Run with --stacktrace option to get the stack trace. > Run with --info or --debug option to get more log output. > Run with --scan to get full insights. FRONTEND.md README.md SETUP.md build build.gradle config_template.json credits.md extract_coverage.sh gradle gradlew gradlew.bat images setup src Get more help at https://help.gradle.org BUILD FAILED in 3s

Test 11-13: Test basic health calculations mercenary - player wins
BattleTest > Test basic health calculations mercenary - player wins FAILED java.lang.NullPointerException at dungeonmania.DungeonManiaController.tick(DungeonManiaController.java:158) at dungeonmania.automarking.Utils.genericMercenarySequence(Utils.java:85) at dungeonmania.automarking.BattleTest.testRoundCalculationsMercenary(BattleTest.java:287) FAILURE DONE 1 test completed, 1 failed FAILURE: Build failed with an exception. FRONTEND.md README.md SETUP.md build build.gradle config_template.json credits.md extract_coverage.sh gradle gradlew gradlew.bat images setup src What went wrong: Execution failed for task ':test'. > There were failing tests. See the report at: file:///H18A_BROWNIE/build/reports/tests/test/index.html FRONTEND.md README.md SETUP.md build build.gradle config_template.json credits.md extract_coverage.sh gradle gradlew gradlew.bat images setup src Try: > Run with --stacktrace option to get the stack trace. > Run with --info or --debug option to get more log output. > Run with --scan to get full insights. FRONTEND.md README.md SETUP.md build build.gradle config_template.json credits.md extract_coverage.sh gradle gradlew gradlew.bat images setup src Get more help at https://help.gradle.org BUILD FAILED in 3s

Test 11-14: Test basic health calculations spider - player loses
BattleTest > Test basic health calculations spider - player loses FAILED java.lang.NullPointerException at dungeonmania.DungeonManiaController.getDungeonResponseModel(DungeonManiaController.java:79) at dungeonmania.DungeonManiaController.tick(DungeonManiaController.java:163) at dungeonmania.automarking.Utils.genericSpiderSequence(Utils.java:55) at dungeonmania.automarking.BattleTest.testHealthBelowZeroSpider(BattleTest.java:298) FAILURE DONE 1 test completed, 1 failed FAILURE: Build failed with an exception. FRONTEND.md README.md SETUP.md build build.gradle config_template.json credits.md extract_coverage.sh gradle gradlew gradlew.bat images setup src What went wrong: Execution failed for task ':test'. > There were failing tests. See the report at: file:///H18A_BROWNIE/build/reports/tests/test/index.html FRONTEND.md README.md SETUP.md build build.gradle config_template.json credits.md extract_coverage.sh gradle gradlew gradlew.bat images setup src Try: > Run with --stacktrace option to get the stack trace. > Run with --info or --debug option to get more log output. > Run with --scan to get full insights. FRONTEND.md README.md SETUP.md build build.gradle config_template.json credits.md extract_coverage.sh gradle gradlew gradlew.bat images setup src Get more help at https://help.gradle.org BUILD FAILED in 3s

Test 11-15: Test basic health calculations zombie - player loses
BattleTest > Test basic health calculations zombie - player loses FAILED java.lang.IndexOutOfBoundsException: Index 0 out of bounds for length 0 at java.base/jdk.internal.util.Preconditions.outOfBounds(Preconditions.java:64) at java.base/jdk.internal.util.Preconditions.outOfBoundsCheckIndex(Preconditions.java:70) at java.base/jdk.internal.util.Preconditions.checkIndex(Preconditions.java:248) at java.base/java.util.Objects.checkIndex(Objects.java:372) at java.base/java.util.ArrayList.get(ArrayList.java:459) at dungeonmania.automarking.BattleTest.testHealthBelowZeroZombie(BattleTest.java:309) FAILURE DONE 1 test completed, 1 failed FAILURE: Build failed with an exception. FRONTEND.md README.md SETUP.md build build.gradle config_template.json credits.md extract_coverage.sh gradle gradlew gradlew.bat images setup src What went wrong: Execution failed for task ':test'. > There were failing tests. See the report at: file:///H18A_BROWNIE/build/reports/tests/test/index.html FRONTEND.md README.md SETUP.md build build.gradle config_template.json credits.md extract_coverage.sh gradle gradlew gradlew.bat images setup src Try: > Run with --stacktrace option to get the stack trace. > Run with --info or --debug option to get more log output. > Run with --scan to get full insights. FRONTEND.md README.md SETUP.md build build.gradle config_template.json credits.md extract_coverage.sh gradle gradlew gradlew.bat images setup src Get more help at https://help.gradle.org BUILD FAILED in 3s

Test 11-16: Test basic health calculations mercenary - player loses
BattleTest > Test basic health calculations mercenary - player loses FAILED java.lang.NullPointerException at dungeonmania.DungeonManiaController.tick(DungeonManiaController.java:158) at dungeonmania.automarking.Utils.genericMercenarySequence(Utils.java:85) at dungeonmania.automarking.BattleTest.testHealthBelowZeroMercenary(BattleTest.java:318) FAILURE DONE 1 test completed, 1 failed FAILURE: Build failed with an exception. FRONTEND.md README.md SETUP.md build build.gradle config_template.json credits.md extract_coverage.sh gradle gradlew gradlew.bat images setup src What went wrong: Execution failed for task ':test'. > There were failing tests. See the report at: file:///H18A_BROWNIE/build/reports/tests/test/index.html FRONTEND.md README.md SETUP.md build build.gradle config_template.json credits.md extract_coverage.sh gradle gradlew gradlew.bat images setup src Try: > Run with --stacktrace option to get the stack trace. > Run with --info or --debug option to get more log output. > Run with --scan to get full insights. FRONTEND.md README.md SETUP.md build build.gradle config_template.json credits.md extract_coverage.sh gradle gradlew gradlew.bat images setup src Get more help at https://help.gradle.org BUILD FAILED in 3s

Test: Hidden Test
FAILED java.lang.IndexOutOfBoundsException: Index 0 out of bounds for length 0 at java.base/jdk.internal.util.Preconditions.outOfBounds(Preconditions.java:64) at java.base/jdk.internal.util.Preconditions.outOfBoundsCheckIndex(Preconditions.java:70) at java.base/jdk.internal.util.Preconditions.checkIndex(Preconditions.java:248) at java.base/java.util.Objects.checkIndex(Objects.java:372) at java.base/java.util.ArrayList.get(ArrayList.java:459) at dungeonmania.automarking.BattleTest.testBowAttackTwiceSpider(BattleTest.java:343) FAILURE DONE 1 test completed, 1 failed FAILURE: Build failed with an exception. FRONTEND.md README.md SETUP.md build build.gradle config_template.json credits.md extract_coverage.sh gradle gradlew gradlew.bat images setup src What went wrong: Execution failed for task ':test'. > There were failing tests. See the report at: file:///H18A_BROWNIE/build/reports/tests/test/index.html FRONTEND.md README.md SETUP.md build build.gradle config_template.json credits.md extract_coverage.sh gradle gradlew gradlew.bat images setup src Try: > Run with --stacktrace option to get the stack trace. > Run with --info or --debug option to get more log output. > Run with --scan to get full insights. FRONTEND.md README.md SETUP.md build build.gradle config_template.json credits.md extract_coverage.sh gradle gradlew gradlew.bat images setup src Get more help at https://help.gradle.org BUILD FAILED in 2s

Test: Hidden Test
FAILED java.lang.IndexOutOfBoundsException: Index 0 out of bounds for length 0 at java.base/jdk.internal.util.Preconditions.outOfBounds(Preconditions.java:64) at java.base/jdk.internal.util.Preconditions.outOfBoundsCheckIndex(Preconditions.java:70) at java.base/jdk.internal.util.Preconditions.checkIndex(Preconditions.java:248) at java.base/java.util.Objects.checkIndex(Objects.java:372) at java.base/java.util.ArrayList.get(ArrayList.java:459) at dungeonmania.automarking.BattleTest.testShieldReducesEnemyAttack(BattleTest.java:380) FAILURE DONE 1 test completed, 1 failed FAILURE: Build failed with an exception. FRONTEND.md README.md SETUP.md build build.gradle config_template.json credits.md extract_coverage.sh gradle gradlew gradlew.bat images setup src What went wrong: Execution failed for task ':test'. > There were failing tests. See the report at: file:///H18A_BROWNIE/build/reports/tests/test/index.html FRONTEND.md README.md SETUP.md build build.gradle config_template.json credits.md extract_coverage.sh gradle gradlew gradlew.bat images setup src Try: > Run with --stacktrace option to get the stack trace. > Run with --info or --debug option to get more log output. > Run with --scan to get full insights. FRONTEND.md README.md SETUP.md build build.gradle config_template.json credits.md extract_coverage.sh gradle gradlew gradlew.bat images setup src Get more help at https://help.gradle.org BUILD FAILED in 4s

Test 11-19: Test bow durability
BattleTest > Test bow durability FAILED java.lang.NullPointerException at dungeonmania.DungeonManiaController.getDungeonResponseModel(DungeonManiaController.java:79) at dungeonmania.DungeonManiaController.tick(DungeonManiaController.java:163) at dungeonmania.automarking.BattleTest.testBowDurability(BattleTest.java:418) FAILURE DONE 1 test completed, 1 failed FAILURE: Build failed with an exception. FRONTEND.md README.md SETUP.md build build.gradle config_template.json credits.md extract_coverage.sh gradle gradlew gradlew.bat images setup src What went wrong: Execution failed for task ':test'. > There were failing tests. See the report at: file:///H18A_BROWNIE/build/reports/tests/test/index.html FRONTEND.md README.md SETUP.md build build.gradle config_template.json credits.md extract_coverage.sh gradle gradlew gradlew.bat images setup src Try: > Run with --stacktrace option to get the stack trace. > Run with --info or --debug option to get more log output. > Run with --scan to get full insights. FRONTEND.md README.md SETUP.md build build.gradle config_template.json credits.md extract_coverage.sh gradle gradlew gradlew.bat images setup src Get more help at https://help.gradle.org BUILD FAILED in 3s

Test 11-20: Test shield durability
BattleTest > Test shield durability FAILED java.lang.NullPointerException at dungeonmania.DungeonManiaController.getDungeonResponseModel(DungeonManiaController.java:79) at dungeonmania.DungeonManiaController.tick(DungeonManiaController.java:163) at dungeonmania.automarking.BattleTest.testShieldDurability(BattleTest.java:479) FAILURE DONE 1 test completed, 1 failed FAILURE: Build failed with an exception. FRONTEND.md README.md SETUP.md build build.gradle config_template.json credits.md extract_coverage.sh gradle gradlew gradlew.bat images setup src What went wrong: Execution failed for task ':test'. > There were failing tests. See the report at: file:///H18A_BROWNIE/build/reports/tests/test/index.html FRONTEND.md README.md SETUP.md build build.gradle config_template.json credits.md extract_coverage.sh gradle gradlew gradlew.bat images setup src Try: > Run with --stacktrace option to get the stack trace. > Run with --info or --debug option to get more log output. > Run with --scan to get full insights. FRONTEND.md README.md SETUP.md build build.gradle config_template.json credits.md extract_coverage.sh gradle gradlew gradlew.bat images setup src Get more help at https://help.gradle.org BUILD FAILED in 2s

Test: Hidden Test
FAILED java.lang.IndexOutOfBoundsException: Index 0 out of bounds for length 0 at java.base/jdk.internal.util.Preconditions.outOfBounds(Preconditions.java:64) at java.base/jdk.internal.util.Preconditions.outOfBoundsCheckIndex(Preconditions.java:70) at java.base/jdk.internal.util.Preconditions.checkIndex(Preconditions.java:248) at java.base/java.util.Objects.checkIndex(Objects.java:372) at java.base/java.util.ArrayList.get(ArrayList.java:459) at dungeonmania.automarking.BattleTest.testSwordIncreasesAttackDamage(BattleTest.java:513) FAILURE DONE 1 test completed, 1 failed FAILURE: Build failed with an exception. FRONTEND.md README.md SETUP.md build build.gradle config_template.json credits.md extract_coverage.sh gradle gradlew gradlew.bat images setup src What went wrong: Execution failed for task ':test'. > There were failing tests. See the report at: file:///H18A_BROWNIE/build/reports/tests/test/index.html FRONTEND.md README.md SETUP.md build build.gradle config_template.json credits.md extract_coverage.sh gradle gradlew gradlew.bat images setup src Try: > Run with --stacktrace option to get the stack trace. > Run with --info or --debug option to get more log output. > Run with --scan to get full insights. FRONTEND.md README.md SETUP.md build build.gradle config_template.json credits.md extract_coverage.sh gradle gradlew gradlew.bat images setup src Get more help at https://help.gradle.org BUILD FAILED in 3s

Test 11-22: Test sword durability
BattleTest > Test sword durability FAILED java.lang.NullPointerException at dungeonmania.DungeonManiaController.getDungeonResponseModel(DungeonManiaController.java:79) at dungeonmania.DungeonManiaController.tick(DungeonManiaController.java:163) at dungeonmania.automarking.BattleTest.testSwordDurability(BattleTest.java:543) FAILURE DONE 1 test completed, 1 failed FAILURE: Build failed with an exception. FRONTEND.md README.md SETUP.md build build.gradle config_template.json credits.md extract_coverage.sh gradle gradlew gradlew.bat images setup src What went wrong: Execution failed for task ':test'. > There were failing tests. See the report at: file:///H18A_BROWNIE/build/reports/tests/test/index.html FRONTEND.md README.md SETUP.md build build.gradle config_template.json credits.md extract_coverage.sh gradle gradlew gradlew.bat images setup src Try: > Run with --stacktrace option to get the stack trace. > Run with --info or --debug option to get more log output. > Run with --scan to get full insights. FRONTEND.md README.md SETUP.md build build.gradle config_template.json credits.md extract_coverage.sh gradle gradlew gradlew.bat images setup src Get more help at https://help.gradle.org BUILD FAILED in 3s

12. Mercenaries

Test 12-1: Test mercenary in line with Player moves towards them
MercenaryTest > Test mercenary in line with Player moves towards them FAILED java.lang.NullPointerException at dungeonmania.DungeonManiaController.tick(DungeonManiaController.java:158) at dungeonmania.automarking.MercenaryTest.simpleMovement(MercenaryTest.java:27) FAILURE DONE 1 test completed, 1 failed FAILURE: Build failed with an exception. FRONTEND.md README.md SETUP.md build build.gradle config_template.json credits.md extract_coverage.sh gradle gradlew gradlew.bat images setup src What went wrong: Execution failed for task ':test'. > There were failing tests. See the report at: file:///H18A_BROWNIE/build/reports/tests/test/index.html FRONTEND.md README.md SETUP.md build build.gradle config_template.json credits.md extract_coverage.sh gradle gradlew gradlew.bat images setup src Try: > Run with --stacktrace option to get the stack trace. > Run with --info or --debug option to get more log output. > Run with --scan to get full insights. FRONTEND.md README.md SETUP.md build build.gradle config_template.json credits.md extract_coverage.sh gradle gradlew gradlew.bat images setup src Get more help at https://help.gradle.org BUILD FAILED in 3s

Test 12-2: Test mercenary stops if they cannot move any closer to the player
MercenaryTest > Test mercenary stops if they cannot move any closer to the player FAILED java.lang.NullPointerException at dungeonmania.DungeonManiaController.tick(DungeonManiaController.java:158) at dungeonmania.automarking.MercenaryTest.stopMovement(MercenaryTest.java:46) FAILURE DONE 1 test completed, 1 failed FAILURE: Build failed with an exception. FRONTEND.md README.md SETUP.md build build.gradle config_template.json credits.md extract_coverage.sh gradle gradlew gradlew.bat images setup src What went wrong: Execution failed for task ':test'. > There were failing tests. See the report at: file:///H18A_BROWNIE/build/reports/tests/test/index.html FRONTEND.md README.md SETUP.md build build.gradle config_template.json credits.md extract_coverage.sh gradle gradlew gradlew.bat images setup src Try: > Run with --stacktrace option to get the stack trace. > Run with --info or --debug option to get more log output. > Run with --scan to get full insights. FRONTEND.md README.md SETUP.md build build.gradle config_template.json credits.md extract_coverage.sh gradle gradlew gradlew.bat images setup src Get more help at https://help.gradle.org BUILD FAILED in 2s

Test: Hidden Test
FAILED java.lang.NullPointerException at dungeonmania.DungeonManiaController.tick(DungeonManiaController.java:158) at dungeonmania.automarking.MercenaryTest.doorMovement(MercenaryTest.java:61) FAILURE DONE 1 test completed, 1 failed FAILURE: Build failed with an exception. FRONTEND.md README.md SETUP.md build build.gradle config_template.json credits.md extract_coverage.sh gradle gradlew gradlew.bat images setup src What went wrong: Execution failed for task ':test'. > There were failing tests. See the report at: file:///H18A_BROWNIE/build/reports/tests/test/index.html FRONTEND.md README.md SETUP.md build build.gradle config_template.json credits.md extract_coverage.sh gradle gradlew gradlew.bat images setup src Try: > Run with --stacktrace option to get the stack trace. > Run with --info or --debug option to get more log output. > Run with --scan to get full insights. FRONTEND.md README.md SETUP.md build build.gradle config_template.json credits.md extract_coverage.sh gradle gradlew gradlew.bat images setup src Get more help at https://help.gradle.org BUILD FAILED in 3s

Test 12-4: Test mercenary moves around a wall to get to the player
MercenaryTest > Test mercenary moves around a wall to get to the player FAILED java.lang.NullPointerException at dungeonmania.DungeonManiaController.tick(DungeonManiaController.java:158) at dungeonmania.automarking.MercenaryTest.evadeWall(MercenaryTest.java:75) FAILURE DONE 1 test completed, 1 failed FAILURE: Build failed with an exception. FRONTEND.md README.md SETUP.md build build.gradle config_template.json credits.md extract_coverage.sh gradle gradlew gradlew.bat images setup src What went wrong: Execution failed for task ':test'. > There were failing tests. See the report at: file:///H18A_BROWNIE/build/reports/tests/test/index.html FRONTEND.md README.md SETUP.md build build.gradle config_template.json credits.md extract_coverage.sh gradle gradlew gradlew.bat images setup src Try: > Run with --stacktrace option to get the stack trace. > Run with --info or --debug option to get more log output. > Run with --scan to get full insights. FRONTEND.md README.md SETUP.md build build.gradle config_template.json credits.md extract_coverage.sh gradle gradlew gradlew.bat images setup src Get more help at https://help.gradle.org BUILD FAILED in 3s

Test 12-5: Testing a mercenary can be bribed with a certain amount
MercenaryTest > Testing a mercenary can be bribed with a certain amount FAILED java.lang.NullPointerException at dungeonmania.DungeonManiaController.tick(DungeonManiaController.java:158) at dungeonmania.automarking.MercenaryTest.bribeAmount(MercenaryTest.java:93) FAILURE DONE 1 test completed, 1 failed FAILURE: Build failed with an exception. FRONTEND.md README.md SETUP.md build build.gradle config_template.json credits.md extract_coverage.sh gradle gradlew gradlew.bat images setup src What went wrong: Execution failed for task ':test'. > There were failing tests. See the report at: file:///H18A_BROWNIE/build/reports/tests/test/index.html FRONTEND.md README.md SETUP.md build build.gradle config_template.json credits.md extract_coverage.sh gradle gradlew gradlew.bat images setup src Try: > Run with --stacktrace option to get the stack trace. > Run with --info or --debug option to get more log output. > Run with --scan to get full insights. FRONTEND.md README.md SETUP.md build build.gradle config_template.json credits.md extract_coverage.sh gradle gradlew gradlew.bat images setup src Get more help at https://help.gradle.org BUILD FAILED in 2s

Test: Hidden Test
FAILED java.lang.NullPointerException at dungeonmania.DungeonManiaController.tick(DungeonManiaController.java:158) at dungeonmania.automarking.MercenaryTest.bribeRadius(MercenaryTest.java:137) FAILURE DONE 1 test completed, 1 failed FAILURE: Build failed with an exception. FRONTEND.md README.md SETUP.md build build.gradle config_template.json credits.md extract_coverage.sh gradle gradlew gradlew.bat images setup src What went wrong: Execution failed for task ':test'. > There were failing tests. See the report at: file:///H18A_BROWNIE/build/reports/tests/test/index.html FRONTEND.md README.md SETUP.md build build.gradle config_template.json credits.md extract_coverage.sh gradle gradlew gradlew.bat images setup src Try: > Run with --stacktrace option to get the stack trace. > Run with --info or --debug option to get more log output. > Run with --scan to get full insights. FRONTEND.md README.md SETUP.md build build.gradle config_template.json credits.md extract_coverage.sh gradle gradlew gradlew.bat images setup src Get more help at https://help.gradle.org BUILD FAILED in 2s

Test: Hidden Test
FAILED java.lang.NullPointerException at dungeonmania.DungeonManiaController.tick(DungeonManiaController.java:158) at dungeonmania.automarking.MercenaryTest.allyBattle(MercenaryTest.java:179) FAILURE DONE 1 test completed, 1 failed FAILURE: Build failed with an exception. FRONTEND.md README.md SETUP.md build build.gradle config_template.json credits.md extract_coverage.sh gradle gradlew gradlew.bat images setup src What went wrong: Execution failed for task ':test'. > There were failing tests. See the report at: file:///H18A_BROWNIE/build/reports/tests/test/index.html FRONTEND.md README.md SETUP.md build build.gradle config_template.json credits.md extract_coverage.sh gradle gradlew gradlew.bat images setup src Try: > Run with --stacktrace option to get the stack trace. > Run with --info or --debug option to get more log output. > Run with --scan to get full insights. FRONTEND.md README.md SETUP.md build build.gradle config_template.json credits.md extract_coverage.sh gradle gradlew gradlew.bat images setup src Get more help at https://help.gradle.org BUILD FAILED in 3s

Test 12-8: Testing an allied mercenary follows the Player around occupying the square the player was previously in
MercenaryTest > Testing an allied mercenary follows the Player around, occupying the square the player was previously in FAILED java.lang.NullPointerException at dungeonmania.DungeonManiaController.tick(DungeonManiaController.java:158) at dungeonmania.automarking.MercenaryTest.allyMovement(MercenaryTest.java:204) FAILURE DONE 1 test completed, 1 failed FAILURE: Build failed with an exception. FRONTEND.md README.md SETUP.md build build.gradle config_template.json credits.md extract_coverage.sh gradle gradlew gradlew.bat images setup src What went wrong: Execution failed for task ':test'. > There were failing tests. See the report at: file:///H18A_BROWNIE/build/reports/tests/test/index.html FRONTEND.md README.md SETUP.md build build.gradle config_template.json credits.md extract_coverage.sh gradle gradlew gradlew.bat images setup src Try: > Run with --stacktrace option to get the stack trace. > Run with --info or --debug option to get more log output. > Run with --scan to get full insights. FRONTEND.md README.md SETUP.md build build.gradle config_template.json credits.md extract_coverage.sh gradle gradlew gradlew.bat images setup src Get more help at https://help.gradle.org BUILD FAILED in 3s

13. Basic Goals

Test 13-1: Test achieving a basic exit goal
BasicGoalsTest > Test achieving a basic exit goal FAILED org.opentest4j.AssertionFailedError: expected: <true> but was: <false> at app//org.junit.jupiter.api.AssertionUtils.fail(AssertionUtils.java:55) at app//org.junit.jupiter.api.AssertTrue.assertTrue(AssertTrue.java:40) at app//org.junit.jupiter.api.AssertTrue.assertTrue(AssertTrue.java:35) at app//org.junit.jupiter.api.Assertions.assertTrue(Assertions.java:179) at app//dungeonmania.automarking.BasicGoalsTest.exit(BasicGoalsTest.java:27) FAILURE DONE 1 test completed, 1 failed FAILURE: Build failed with an exception. FRONTEND.md README.md SETUP.md build build.gradle config_template.json credits.md extract_coverage.sh gradle gradlew gradlew.bat images setup src What went wrong: Execution failed for task ':test'. > There were failing tests. See the report at: file:///H18A_BROWNIE/build/reports/tests/test/index.html FRONTEND.md README.md SETUP.md build build.gradle config_template.json credits.md extract_coverage.sh gradle gradlew gradlew.bat images setup src Try: > Run with --stacktrace option to get the stack trace. > Run with --info or --debug option to get more log output. > Run with --scan to get full insights. FRONTEND.md README.md SETUP.md build build.gradle config_template.json credits.md extract_coverage.sh gradle gradlew gradlew.bat images setup src Get more help at https://help.gradle.org BUILD FAILED in 2s

Test 13-2: Test achieving a basic enemy goal
BasicGoalsTest > Test achieving a basic enemy goal FAILED org.opentest4j.AssertionFailedError: expected: <true> but was: <false> at app//org.junit.jupiter.api.AssertionUtils.fail(AssertionUtils.java:55) at app//org.junit.jupiter.api.AssertTrue.assertTrue(AssertTrue.java:40) at app//org.junit.jupiter.api.AssertTrue.assertTrue(AssertTrue.java:35) at app//org.junit.jupiter.api.Assertions.assertTrue(Assertions.java:179) at app//dungeonmania.automarking.BasicGoalsTest.enemy(BasicGoalsTest.java:49) FAILURE DONE 1 test completed, 1 failed FAILURE: Build failed with an exception. FRONTEND.md README.md SETUP.md build build.gradle config_template.json credits.md extract_coverage.sh gradle gradlew gradlew.bat images setup src What went wrong: Execution failed for task ':test'. > There were failing tests. See the report at: file:///H18A_BROWNIE/build/reports/tests/test/index.html FRONTEND.md README.md SETUP.md build build.gradle config_template.json credits.md extract_coverage.sh gradle gradlew gradlew.bat images setup src Try: > Run with --stacktrace option to get the stack trace. > Run with --info or --debug option to get more log output. > Run with --scan to get full insights. FRONTEND.md README.md SETUP.md build build.gradle config_template.json credits.md extract_coverage.sh gradle gradlew gradlew.bat images setup src Get more help at https://help.gradle.org BUILD FAILED in 3s

Test: Hidden Test
FAILED org.opentest4j.AssertionFailedError: expected: <true> but was: <false> at app//org.junit.jupiter.api.AssertionUtils.fail(AssertionUtils.java:55) at app//org.junit.jupiter.api.AssertTrue.assertTrue(AssertTrue.java:40) at app//org.junit.jupiter.api.AssertTrue.assertTrue(AssertTrue.java:35) at app//org.junit.jupiter.api.Assertions.assertTrue(Assertions.java:179) at app//dungeonmania.automarking.BasicGoalsTest.spawner(BasicGoalsTest.java:71) FAILURE DONE 1 test completed, 1 failed FAILURE: Build failed with an exception. FRONTEND.md README.md SETUP.md build build.gradle config_template.json credits.md extract_coverage.sh gradle gradlew gradlew.bat images setup src What went wrong: Execution failed for task ':test'. > There were failing tests. See the report at: file:///H18A_BROWNIE/build/reports/tests/test/index.html FRONTEND.md README.md SETUP.md build build.gradle config_template.json credits.md extract_coverage.sh gradle gradlew gradlew.bat images setup src Try: > Run with --stacktrace option to get the stack trace. > Run with --info or --debug option to get more log output. > Run with --scan to get full insights. FRONTEND.md README.md SETUP.md build build.gradle config_template.json credits.md extract_coverage.sh gradle gradlew gradlew.bat images setup src Get more help at https://help.gradle.org BUILD FAILED in 3s

Test 13-4: Test achieving a basic boulders goal
BasicGoalsTest > Test achieving a basic boulders goal FAILED org.opentest4j.AssertionFailedError: expected: <true> but was: <false> at app//org.junit.jupiter.api.AssertionUtils.fail(AssertionUtils.java:55) at app//org.junit.jupiter.api.AssertTrue.assertTrue(AssertTrue.java:40) at app//org.junit.jupiter.api.AssertTrue.assertTrue(AssertTrue.java:35) at app//org.junit.jupiter.api.Assertions.assertTrue(Assertions.java:179) at app//dungeonmania.automarking.BasicGoalsTest.oneSwitch(BasicGoalsTest.java:102) FAILURE DONE 1 test completed, 1 failed FAILURE: Build failed with an exception. FRONTEND.md README.md SETUP.md build build.gradle config_template.json credits.md extract_coverage.sh gradle gradlew gradlew.bat images setup src What went wrong: Execution failed for task ':test'. > There were failing tests. See the report at: file:///H18A_BROWNIE/build/reports/tests/test/index.html FRONTEND.md README.md SETUP.md build build.gradle config_template.json credits.md extract_coverage.sh gradle gradlew gradlew.bat images setup src Try: > Run with --stacktrace option to get the stack trace. > Run with --info or --debug option to get more log output. > Run with --scan to get full insights. FRONTEND.md README.md SETUP.md build build.gradle config_template.json credits.md extract_coverage.sh gradle gradlew gradlew.bat images setup src Get more help at https://help.gradle.org BUILD FAILED in 3s

Test 13-6: Test achieving a basic treasure goal
BasicGoalsTest > Test achieving a basic treasure goal FAILED org.opentest4j.AssertionFailedError: expected: <true> but was: <false> at app//org.junit.jupiter.api.AssertionUtils.fail(AssertionUtils.java:55) at app//org.junit.jupiter.api.AssertTrue.assertTrue(AssertTrue.java:40) at app//org.junit.jupiter.api.AssertTrue.assertTrue(AssertTrue.java:35) at app//org.junit.jupiter.api.Assertions.assertTrue(Assertions.java:179) at app//dungeonmania.automarking.BasicGoalsTest.treasure(BasicGoalsTest.java:159) FAILURE DONE 1 test completed, 1 failed FAILURE: Build failed with an exception. FRONTEND.md README.md SETUP.md build build.gradle config_template.json credits.md extract_coverage.sh gradle gradlew gradlew.bat images setup src What went wrong: Execution failed for task ':test'. > There were failing tests. See the report at: file:///H18A_BROWNIE/build/reports/tests/test/index.html FRONTEND.md README.md SETUP.md build build.gradle config_template.json credits.md extract_coverage.sh gradle gradlew gradlew.bat images setup src Try: > Run with --stacktrace option to get the stack trace. > Run with --info or --debug option to get more log output. > Run with --scan to get full insights. FRONTEND.md README.md SETUP.md build build.gradle config_template.json credits.md extract_coverage.sh gradle gradlew gradlew.bat images setup src Get more help at https://help.gradle.org BUILD FAILED in 2s

14. Complex Goals

Test 14-1: Testing a map with 4 conjunction goal
ComplexGoalsTest > Testing a map with 4 conjunction goal FAILED org.opentest4j.AssertionFailedError: expected: <true> but was: <false> at app//org.junit.jupiter.api.AssertionUtils.fail(AssertionUtils.java:55) at app//org.junit.jupiter.api.AssertTrue.assertTrue(AssertTrue.java:40) at app//org.junit.jupiter.api.AssertTrue.assertTrue(AssertTrue.java:35) at app//org.junit.jupiter.api.Assertions.assertTrue(Assertions.java:179) at app//dungeonmania.automarking.ComplexGoalsTest.andAll(ComplexGoalsTest.java:22) FAILURE DONE 1 test completed, 1 failed FAILURE: Build failed with an exception. FRONTEND.md README.md SETUP.md build build.gradle config_template.json credits.md extract_coverage.sh gradle gradlew gradlew.bat images setup src What went wrong: Execution failed for task ':test'. > There were failing tests. See the report at: file:///H18A_BROWNIE/build/reports/tests/test/index.html FRONTEND.md README.md SETUP.md build build.gradle config_template.json credits.md extract_coverage.sh gradle gradlew gradlew.bat images setup src Try: > Run with --stacktrace option to get the stack trace. > Run with --info or --debug option to get more log output. > Run with --scan to get full insights. FRONTEND.md README.md SETUP.md build build.gradle config_template.json credits.md extract_coverage.sh gradle gradlew gradlew.bat images setup src Get more help at https://help.gradle.org BUILD FAILED in 3s

Test 14-2: Testing a map with 4 disjunction goal
ComplexGoalsTest > Testing a map with 4 disjunction goal FAILED org.opentest4j.AssertionFailedError: expected: <true> but was: <false> at app//org.junit.jupiter.api.AssertionUtils.fail(AssertionUtils.java:55) at app//org.junit.jupiter.api.AssertTrue.assertTrue(AssertTrue.java:40) at app//org.junit.jupiter.api.AssertTrue.assertTrue(AssertTrue.java:35) at app//org.junit.jupiter.api.Assertions.assertTrue(Assertions.java:179) at app//dungeonmania.automarking.ComplexGoalsTest.orAll(ComplexGoalsTest.java:61) FAILURE DONE 1 test completed, 1 failed FAILURE: Build failed with an exception. FRONTEND.md README.md SETUP.md build build.gradle config_template.json credits.md extract_coverage.sh gradle gradlew gradlew.bat images setup src What went wrong: Execution failed for task ':test'. > There were failing tests. See the report at: file:///H18A_BROWNIE/build/reports/tests/test/index.html FRONTEND.md README.md SETUP.md build build.gradle config_template.json credits.md extract_coverage.sh gradle gradlew gradlew.bat images setup src Try: > Run with --stacktrace option to get the stack trace. > Run with --info or --debug option to get more log output. > Run with --scan to get full insights. FRONTEND.md README.md SETUP.md build build.gradle config_template.json credits.md extract_coverage.sh gradle gradlew gradlew.bat images setup src Get more help at https://help.gradle.org BUILD FAILED in 3s

Test 14-3: Testing a map with mixed conjunction/disjunction goal
ComplexGoalsTest > Testing a map with mixed conjunction/disjunction goal FAILED org.opentest4j.AssertionFailedError: expected: <true> but was: <false> at app//org.junit.jupiter.api.AssertionUtils.fail(AssertionUtils.java:55) at app//org.junit.jupiter.api.AssertTrue.assertTrue(AssertTrue.java:40) at app//org.junit.jupiter.api.AssertTrue.assertTrue(AssertTrue.java:35) at app//org.junit.jupiter.api.Assertions.assertTrue(Assertions.java:179) at app//dungeonmania.automarking.ComplexGoalsTest.orAndAll(ComplexGoalsTest.java:82) FAILURE DONE 1 test completed, 1 failed FAILURE: Build failed with an exception. FRONTEND.md README.md SETUP.md build build.gradle config_template.json credits.md extract_coverage.sh gradle gradlew gradlew.bat images setup src What went wrong: Execution failed for task ':test'. > There were failing tests. See the report at: file:///H18A_BROWNIE/build/reports/tests/test/index.html FRONTEND.md README.md SETUP.md build build.gradle config_template.json credits.md extract_coverage.sh gradle gradlew gradlew.bat images setup src Try: > Run with --stacktrace option to get the stack trace. > Run with --info or --debug option to get more log output. > Run with --scan to get full insights. FRONTEND.md README.md SETUP.md build build.gradle config_template.json credits.md extract_coverage.sh gradle gradlew gradlew.bat images setup src Get more help at https://help.gradle.org BUILD FAILED in 2s

15. Hidden Test Cases

Test: Hidden Test
FAILED org.opentest4j.AssertionFailedError: expected: <1> but was: <0> at app//org.junit.jupiter.api.AssertionUtils.fail(AssertionUtils.java:55) at app//org.junit.jupiter.api.AssertionUtils.failNotEqual(AssertionUtils.java:62) at app//org.junit.jupiter.api.AssertEquals.assertEquals(AssertEquals.java:150) at app//org.junit.jupiter.api.AssertEquals.assertEquals(AssertEquals.java:145) at app//org.junit.jupiter.api.Assertions.assertEquals(Assertions.java:527) at app//dungeonmania.automarking.DoorsKeysTest.cannotOpenDoorWithWrongKey(DoorsKeysTest.java:130) FAILURE DONE 1 test completed, 1 failed FAILURE: Build failed with an exception. FRONTEND.md README.md SETUP.md build build.gradle config_template.json credits.md extract_coverage.sh gradle gradlew gradlew.bat images setup src What went wrong: Execution failed for task ':test'. > There were failing tests. See the report at: file:///H18A_BROWNIE/build/reports/tests/test/index.html FRONTEND.md README.md SETUP.md build build.gradle config_template.json credits.md extract_coverage.sh gradle gradlew gradlew.bat images setup src Try: > Run with --stacktrace option to get the stack trace. > Run with --info or --debug option to get more log output. > Run with --scan to get full insights. FRONTEND.md README.md SETUP.md build build.gradle config_template.json credits.md extract_coverage.sh gradle gradlew gradlew.bat images setup src Get more help at https://help.gradle.org BUILD FAILED in 2s

Test: Hidden Test
SUCCESS DONE

Test: Hidden Test
FAILED org.opentest4j.AssertionFailedError: expected: <1> but was: <4> at app//org.junit.jupiter.api.AssertionUtils.fail(AssertionUtils.java:55) at app//org.junit.jupiter.api.AssertionUtils.failNotEqual(AssertionUtils.java:62) at app//org.junit.jupiter.api.AssertEquals.assertEquals(AssertEquals.java:150) at app//org.junit.jupiter.api.AssertEquals.assertEquals(AssertEquals.java:145) at app//org.junit.jupiter.api.Assertions.assertEquals(Assertions.java:527) at app//dungeonmania.automarking.PortalsTest.testMultiplePortals(PortalsTest.java:113) FAILURE DONE 1 test completed, 1 failed FAILURE: Build failed with an exception. FRONTEND.md README.md SETUP.md build build.gradle config_template.json credits.md extract_coverage.sh gradle gradlew gradlew.bat images setup src What went wrong: Execution failed for task ':test'. > There were failing tests. See the report at: file:///H18A_BROWNIE/build/reports/tests/test/index.html FRONTEND.md README.md SETUP.md build build.gradle config_template.json credits.md extract_coverage.sh gradle gradlew gradlew.bat images setup src Try: > Run with --stacktrace option to get the stack trace. > Run with --info or --debug option to get more log output. > Run with --scan to get full insights. FRONTEND.md README.md SETUP.md build build.gradle config_template.json credits.md extract_coverage.sh gradle gradlew gradlew.bat images setup src Get more help at https://help.gradle.org BUILD FAILED in 2s

Test: Hidden Test
FAILED org.opentest4j.AssertionFailedError: expected: <true> but was: <false> at app//org.junit.jupiter.api.AssertionUtils.fail(AssertionUtils.java:55) at app//org.junit.jupiter.api.AssertTrue.assertTrue(AssertTrue.java:40) at app//org.junit.jupiter.api.AssertTrue.assertTrue(AssertTrue.java:35) at app//org.junit.jupiter.api.Assertions.assertTrue(Assertions.java:179) at app//dungeonmania.automarking.PortalsTest.testMultiplePortalsChain(PortalsTest.java:133) FAILURE DONE 1 test completed, 1 failed FAILURE: Build failed with an exception. FRONTEND.md README.md SETUP.md build build.gradle config_template.json credits.md extract_coverage.sh gradle gradlew gradlew.bat images setup src What went wrong: Execution failed for task ':test'. > There were failing tests. See the report at: file:///H18A_BROWNIE/build/reports/tests/test/index.html FRONTEND.md README.md SETUP.md build build.gradle config_template.json credits.md extract_coverage.sh gradle gradlew gradlew.bat images setup src Try: > Run with --stacktrace option to get the stack trace. > Run with --info or --debug option to get more log output. > Run with --scan to get full insights. FRONTEND.md README.md SETUP.md build build.gradle config_template.json credits.md extract_coverage.sh gradle gradlew gradlew.bat images setup src Get more help at https://help.gradle.org BUILD FAILED in 2s

Test: Hidden Test
SUCCESS DONE

Test: Hidden Test
FAILED org.opentest4j.AssertionFailedError: expected: <true> but was: <false> at app//org.junit.jupiter.api.AssertionUtils.fail(AssertionUtils.java:55) at app//org.junit.jupiter.api.AssertTrue.assertTrue(AssertTrue.java:40) at app//org.junit.jupiter.api.AssertTrue.assertTrue(AssertTrue.java:35) at app//org.junit.jupiter.api.Assertions.assertTrue(Assertions.java:179) at app//dungeonmania.automarking.BasicGoalsTest.fiveSwitches(BasicGoalsTest.java:120) FAILURE DONE 1 test completed, 1 failed FAILURE: Build failed with an exception. FRONTEND.md README.md SETUP.md build build.gradle config_template.json credits.md extract_coverage.sh gradle gradlew gradlew.bat images setup src What went wrong: Execution failed for task ':test'. > There were failing tests. See the report at: file:///H18A_BROWNIE/build/reports/tests/test/index.html FRONTEND.md README.md SETUP.md build build.gradle config_template.json credits.md extract_coverage.sh gradle gradlew gradlew.bat images setup src Try: > Run with --stacktrace option to get the stack trace. > Run with --info or --debug option to get more log output. > Run with --scan to get full insights. FRONTEND.md README.md SETUP.md build build.gradle config_template.json credits.md extract_coverage.sh gradle gradlew gradlew.bat images setup src Get more help at https://help.gradle.org BUILD FAILED in 2s

Test: Hidden Test
FAILED org.opentest4j.AssertionFailedError: expected: <true> but was: <false> at app//org.junit.jupiter.api.AssertionUtils.fail(AssertionUtils.java:55) at app//org.junit.jupiter.api.AssertTrue.assertTrue(AssertTrue.java:40) at app//org.junit.jupiter.api.AssertTrue.assertTrue(AssertTrue.java:35) at app//org.junit.jupiter.api.Assertions.assertTrue(Assertions.java:179) at app//dungeonmania.automarking.ComplexGoalsTest.exitAndTreasureOrder(ComplexGoalsTest.java:107) FAILURE DONE 1 test completed, 1 failed FAILURE: Build failed with an exception. FRONTEND.md README.md SETUP.md build build.gradle config_template.json credits.md extract_coverage.sh gradle gradlew gradlew.bat images setup src What went wrong: Execution failed for task ':test'. > There were failing tests. See the report at: file:///H18A_BROWNIE/build/reports/tests/test/index.html FRONTEND.md README.md SETUP.md build build.gradle config_template.json credits.md extract_coverage.sh gradle gradlew gradlew.bat images setup src Try: > Run with --stacktrace option to get the stack trace. > Run with --info or --debug option to get more log output. > Run with --scan to get full insights. FRONTEND.md README.md SETUP.md build build.gradle config_template.json credits.md extract_coverage.sh gradle gradlew gradlew.bat images setup src Get more help at https://help.gradle.org BUILD FAILED in 2s

Test: Hidden Test
FAILED org.opentest4j.AssertionFailedError: expected: <true> but was: <false> at app//org.junit.jupiter.api.AssertionUtils.fail(AssertionUtils.java:55) at app//org.junit.jupiter.api.AssertTrue.assertTrue(AssertTrue.java:40) at app//org.junit.jupiter.api.AssertTrue.assertTrue(AssertTrue.java:35) at app//org.junit.jupiter.api.Assertions.assertTrue(Assertions.java:179) at app//dungeonmania.automarking.ComplexGoalsTest.exitAndBouldersAndTreasureOrder(ComplexGoalsTest.java:138) FAILURE DONE 1 test completed, 1 failed FAILURE: Build failed with an exception. FRONTEND.md README.md SETUP.md build build.gradle config_template.json credits.md extract_coverage.sh gradle gradlew gradlew.bat images setup src What went wrong: Execution failed for task ':test'. > There were failing tests. See the report at: file:///H18A_BROWNIE/build/reports/tests/test/index.html FRONTEND.md README.md SETUP.md build build.gradle config_template.json credits.md extract_coverage.sh gradle gradlew gradlew.bat images setup src Try: > Run with --stacktrace option to get the stack trace. > Run with --info or --debug option to get more log output. > Run with --scan to get full insights. FRONTEND.md README.md SETUP.md build build.gradle config_template.json credits.md extract_coverage.sh gradle gradlew gradlew.bat images setup src Get more help at https://help.gradle.org BUILD FAILED in 2s

Test: Hidden Test
FAILED org.opentest4j.AssertionFailedError: expected: <true> but was: <false> at app//org.junit.jupiter.api.AssertionUtils.fail(AssertionUtils.java:55) at app//org.junit.jupiter.api.AssertTrue.assertTrue(AssertTrue.java:40) at app//org.junit.jupiter.api.AssertTrue.assertTrue(AssertTrue.java:35) at app//org.junit.jupiter.api.Assertions.assertTrue(Assertions.java:179) at app//dungeonmania.automarking.ComplexGoalsTest.switchUnachieved(ComplexGoalsTest.java:179) FAILURE DONE 1 test completed, 1 failed FAILURE: Build failed with an exception. FRONTEND.md README.md SETUP.md build build.gradle config_template.json credits.md extract_coverage.sh gradle gradlew gradlew.bat images setup src What went wrong: Execution failed for task ':test'. > There were failing tests. See the report at: file:///H18A_BROWNIE/build/reports/tests/test/index.html FRONTEND.md README.md SETUP.md build build.gradle config_template.json credits.md extract_coverage.sh gradle gradlew gradlew.bat images setup src Try: > Run with --stacktrace option to get the stack trace. > Run with --info or --debug option to get more log output. > Run with --scan to get full insights. FRONTEND.md README.md SETUP.md build build.gradle config_template.json credits.md extract_coverage.sh gradle gradlew gradlew.bat images setup src Get more help at https://help.gradle.org BUILD FAILED in 2s

